This file contains any messages produced by compilers while
running configure, to aid debugging if configure makes a mistake.

It was created by mountall configure 1.0, which was
generated by GNU Autoconf 2.64.  Invocation command line was

  $ ./configure --build=i486-linux-gnu CFLAGS=-Wall -g -fstack-protector -fPIE -Os LDFLAGS=-Wl,-z,relro -Wl,-z,now -pie -Wl,-O1 --prefix=/usr --exec-prefix= --sysconfdir=/etc --localstatedir=/var/lib

## --------- ##
## Platform. ##
## --------- ##

hostname = wing-commander
uname -m = i686
uname -r = 2.6.31-14-generic
uname -s = Linux
uname -v = #48-Ubuntu SMP Fri Oct 16 14:04:26 UTC 2009

/usr/bin/uname -p = unknown
/bin/uname -X     = unknown

/bin/arch              = unknown
/usr/bin/arch -k       = unknown
/usr/convex/getsysinfo = unknown
/usr/bin/hostinfo      = unknown
/bin/machine           = unknown
/usr/bin/oslevel       = unknown
/bin/universe          = unknown

PATH: /home/scott/bin
PATH: /home/scott/bin
PATH: /usr/local/sbin
PATH: /usr/local/bin
PATH: /usr/sbin
PATH: /usr/bin
PATH: /sbin
PATH: /bin
PATH: /usr/games


## ----------- ##
## Core tests. ##
## ----------- ##

configure:2705: checking for gcc
configure:2721: found /usr/bin/gcc
configure:2732: result: gcc
configure:2961: checking for C compiler version
configure:2970: gcc --version >&5
gcc (Ubuntu 4.4.1-4ubuntu8) 4.4.1
Copyright (C) 2009 Free Software Foundation, Inc.
This is free software; see the source for copying conditions.  There is NO
warranty; not even for MERCHANTABILITY or FITNESS FOR A PARTICULAR PURPOSE.

configure:2981: $? = 0
configure:2970: gcc -v >&5
Using built-in specs.
Target: i486-linux-gnu
Configured with: ../src/configure -v --with-pkgversion='Ubuntu 4.4.1-4ubuntu8' --with-bugurl=file:///usr/share/doc/gcc-4.4/README.Bugs --enable-languages=c,c++,fortran,objc,obj-c++ --prefix=/usr --enable-shared --enable-multiarch --enable-linker-build-id --with-system-zlib --libexecdir=/usr/lib --without-included-gettext --enable-threads=posix --with-gxx-include-dir=/usr/include/c++/4.4 --program-suffix=-4.4 --enable-nls --enable-clocale=gnu --enable-libstdcxx-debug --enable-objc-gc --enable-targets=all --disable-werror --with-arch-32=i486 --with-tune=generic --enable-checking=release --build=i486-linux-gnu --host=i486-linux-gnu --target=i486-linux-gnu
Thread model: posix
gcc version 4.4.1 (Ubuntu 4.4.1-4ubuntu8) 
configure:2981: $? = 0
configure:2970: gcc -V >&5
gcc: '-V' option must have argument
configure:2981: $? = 1
configure:2970: gcc -qversion >&5
gcc: unrecognized option '-qversion'
gcc: no input files
configure:2981: $? = 1
configure:3003: checking for C compiler default output file name
configure:3025: gcc -Wall -g -fstack-protector -fPIE -Os  -Wl,-z,relro -Wl,-z,now -pie -Wl,-O1 conftest.c  >&5
configure:3029: $? = 0
configure:3066: result: a.out
configure:3082: checking whether the C compiler works
configure:3091: ./a.out
configure:3095: $? = 0
configure:3110: result: yes
configure:3117: checking whether we are cross compiling
configure:3119: result: no
configure:3122: checking for suffix of executables
configure:3129: gcc -o conftest -Wall -g -fstack-protector -fPIE -Os  -Wl,-z,relro -Wl,-z,now -pie -Wl,-O1 conftest.c  >&5
configure:3133: $? = 0
configure:3155: result: 
configure:3161: checking for suffix of object files
configure:3183: gcc -c -Wall -g -fstack-protector -fPIE -Os  conftest.c >&5
configure:3187: $? = 0
configure:3208: result: o
configure:3212: checking whether we are using the GNU C compiler
configure:3231: gcc -c -Wall -g -fstack-protector -fPIE -Os  conftest.c >&5
configure:3231: $? = 0
configure:3240: result: yes
configure:3249: checking whether gcc accepts -g
configure:3269: gcc -c -g  conftest.c >&5
configure:3269: $? = 0
configure:3310: result: yes
configure:3327: checking for gcc option to accept ISO C89
configure:3391: gcc  -c -Wall -g -fstack-protector -fPIE -Os  conftest.c >&5
configure:3391: $? = 0
configure:3404: result: none needed
configure:3430: checking how to run the C preprocessor
configure:3461: gcc -E  conftest.c
configure:3461: $? = 0
configure:3475: gcc -E  conftest.c
conftest.c:10:28: error: ac_nonexistent.h: No such file or directory
configure:3475: $? = 1
configure: failed program was:
| /* confdefs.h */
| #define PACKAGE_NAME "mountall"
| #define PACKAGE_TARNAME "mountall"
| #define PACKAGE_VERSION "1.0"
| #define PACKAGE_STRING "mountall 1.0"
| #define PACKAGE_BUGREPORT "ubuntu-devel@lists.ubuntu.com"
| #define PACKAGE_URL ""
| #define PACKAGE_COPYRIGHT "Copyright (C) 2009 Canonical Ltd."
| /* end confdefs.h.  */
| #include <ac_nonexistent.h>
configure:3500: result: gcc -E
configure:3520: gcc -E  conftest.c
configure:3520: $? = 0
configure:3534: gcc -E  conftest.c
conftest.c:10:28: error: ac_nonexistent.h: No such file or directory
configure:3534: $? = 1
configure: failed program was:
| /* confdefs.h */
| #define PACKAGE_NAME "mountall"
| #define PACKAGE_TARNAME "mountall"
| #define PACKAGE_VERSION "1.0"
| #define PACKAGE_STRING "mountall 1.0"
| #define PACKAGE_BUGREPORT "ubuntu-devel@lists.ubuntu.com"
| #define PACKAGE_URL ""
| #define PACKAGE_COPYRIGHT "Copyright (C) 2009 Canonical Ltd."
| /* end confdefs.h.  */
| #include <ac_nonexistent.h>
configure:3563: checking for grep that handles long lines and -e
configure:3621: result: /bin/grep
configure:3626: checking for egrep
configure:3688: result: /bin/grep -E
configure:3693: checking for ANSI C header files
configure:3713: gcc -c -Wall -g -fstack-protector -fPIE -Os  conftest.c >&5
configure:3713: $? = 0
configure:3786: gcc -o conftest -Wall -g -fstack-protector -fPIE -Os  -Wl,-z,relro -Wl,-z,now -pie -Wl,-O1 conftest.c  >&5
configure:3786: $? = 0
configure:3786: ./conftest
configure:3786: $? = 0
configure:3797: result: yes
configure:3810: checking for sys/types.h
configure:3810: gcc -c -Wall -g -fstack-protector -fPIE -Os  conftest.c >&5
configure:3810: $? = 0
configure:3810: result: yes
configure:3810: checking for sys/stat.h
configure:3810: gcc -c -Wall -g -fstack-protector -fPIE -Os  conftest.c >&5
configure:3810: $? = 0
configure:3810: result: yes
configure:3810: checking for stdlib.h
configure:3810: gcc -c -Wall -g -fstack-protector -fPIE -Os  conftest.c >&5
configure:3810: $? = 0
configure:3810: result: yes
configure:3810: checking for string.h
configure:3810: gcc -c -Wall -g -fstack-protector -fPIE -Os  conftest.c >&5
configure:3810: $? = 0
configure:3810: result: yes
configure:3810: checking for memory.h
configure:3810: gcc -c -Wall -g -fstack-protector -fPIE -Os  conftest.c >&5
configure:3810: $? = 0
configure:3810: result: yes
configure:3810: checking for strings.h
configure:3810: gcc -c -Wall -g -fstack-protector -fPIE -Os  conftest.c >&5
configure:3810: $? = 0
configure:3810: result: yes
configure:3810: checking for inttypes.h
configure:3810: gcc -c -Wall -g -fstack-protector -fPIE -Os  conftest.c >&5
configure:3810: $? = 0
configure:3810: result: yes
configure:3810: checking for stdint.h
configure:3810: gcc -c -Wall -g -fstack-protector -fPIE -Os  conftest.c >&5
configure:3810: $? = 0
configure:3810: result: yes
configure:3810: checking for unistd.h
configure:3810: gcc -c -Wall -g -fstack-protector -fPIE -Os  conftest.c >&5
configure:3810: $? = 0
configure:3810: result: yes
configure:3824: checking minix/config.h usability
configure:3824: gcc -c -Wall -g -fstack-protector -fPIE -Os  conftest.c >&5
conftest.c:53:26: error: minix/config.h: No such file or directory
configure:3824: $? = 1
configure: failed program was:
| /* confdefs.h */
| #define PACKAGE_NAME "mountall"
| #define PACKAGE_TARNAME "mountall"
| #define PACKAGE_VERSION "1.0"
| #define PACKAGE_STRING "mountall 1.0"
| #define PACKAGE_BUGREPORT "ubuntu-devel@lists.ubuntu.com"
| #define PACKAGE_URL ""
| #define PACKAGE_COPYRIGHT "Copyright (C) 2009 Canonical Ltd."
| #define STDC_HEADERS 1
| #define HAVE_SYS_TYPES_H 1
| #define HAVE_SYS_STAT_H 1
| #define HAVE_STDLIB_H 1
| #define HAVE_STRING_H 1
| #define HAVE_MEMORY_H 1
| #define HAVE_STRINGS_H 1
| #define HAVE_INTTYPES_H 1
| #define HAVE_STDINT_H 1
| #define HAVE_UNISTD_H 1
| /* end confdefs.h.  */
| #include <stdio.h>
| #ifdef HAVE_SYS_TYPES_H
| # include <sys/types.h>
| #endif
| #ifdef HAVE_SYS_STAT_H
| # include <sys/stat.h>
| #endif
| #ifdef STDC_HEADERS
| # include <stdlib.h>
| # include <stddef.h>
| #else
| # ifdef HAVE_STDLIB_H
| #  include <stdlib.h>
| # endif
| #endif
| #ifdef HAVE_STRING_H
| # if !defined STDC_HEADERS && defined HAVE_MEMORY_H
| #  include <memory.h>
| # endif
| # include <string.h>
| #endif
| #ifdef HAVE_STRINGS_H
| # include <strings.h>
| #endif
| #ifdef HAVE_INTTYPES_H
| # include <inttypes.h>
| #endif
| #ifdef HAVE_STDINT_H
| # include <stdint.h>
| #endif
| #ifdef HAVE_UNISTD_H
| # include <unistd.h>
| #endif
| #include <minix/config.h>
configure:3824: result: no
configure:3824: checking minix/config.h presence
configure:3824: gcc -E  conftest.c
conftest.c:20:26: error: minix/config.h: No such file or directory
configure:3824: $? = 1
configure: failed program was:
| /* confdefs.h */
| #define PACKAGE_NAME "mountall"
| #define PACKAGE_TARNAME "mountall"
| #define PACKAGE_VERSION "1.0"
| #define PACKAGE_STRING "mountall 1.0"
| #define PACKAGE_BUGREPORT "ubuntu-devel@lists.ubuntu.com"
| #define PACKAGE_URL ""
| #define PACKAGE_COPYRIGHT "Copyright (C) 2009 Canonical Ltd."
| #define STDC_HEADERS 1
| #define HAVE_SYS_TYPES_H 1
| #define HAVE_SYS_STAT_H 1
| #define HAVE_STDLIB_H 1
| #define HAVE_STRING_H 1
| #define HAVE_MEMORY_H 1
| #define HAVE_STRINGS_H 1
| #define HAVE_INTTYPES_H 1
| #define HAVE_STDINT_H 1
| #define HAVE_UNISTD_H 1
| /* end confdefs.h.  */
| #include <minix/config.h>
configure:3824: result: no
configure:3824: checking for minix/config.h
configure:3824: result: no
configure:3845: checking whether it is safe to define __EXTENSIONS__
configure:3863: gcc -c -Wall -g -fstack-protector -fPIE -Os  conftest.c >&5
configure:3863: $? = 0
configure:3870: result: yes
configure:3925: checking for a BSD-compatible install
configure:3993: result: /usr/bin/install -c
configure:4004: checking whether build environment is sane
configure:4054: result: yes
configure:4195: checking for a thread-safe mkdir -p
configure:4234: result: /bin/mkdir -p
configure:4247: checking for gawk
configure:4277: result: no
configure:4247: checking for mawk
configure:4263: found /usr/bin/mawk
configure:4274: result: mawk
configure:4285: checking whether make sets $(MAKE)
configure:4307: result: yes
configure:4337: checking for style of include used by make
configure:4365: result: GNU
configure:4450: checking dependency style of gcc
configure:4560: result: gcc3
configure:4607: checking build system type
configure:4621: result: i486-pc-linux-gnu
configure:4641: checking host system type
configure:4654: result: i486-pc-linux-gnu
configure:4674: checking for a sed that does not truncate output
configure:4738: result: /bin/sed
configure:4756: checking for fgrep
configure:4818: result: /bin/grep -F
configure:4853: checking for ld used by gcc
configure:4920: result: /usr/bin/ld
configure:4927: checking if the linker (/usr/bin/ld) is GNU ld
configure:4942: result: yes
configure:4954: checking for BSD- or MS-compatible name lister (nm)
configure:5003: result: /usr/bin/nm -B
configure:5121: checking the name lister (/usr/bin/nm -B) interface
configure:5128: gcc -c -Wall -g -fstack-protector -fPIE -Os  conftest.c >&5
configure:5131: /usr/bin/nm -B "conftest.o"
configure:5134: output
00000000 B some_variable
configure:5141: result: BSD nm
configure:5144: checking whether ln -s works
configure:5148: result: yes
configure:5156: checking the maximum length of command line arguments
configure:5276: result: 805306365
configure:5293: checking whether the shell understands some XSI constructs
configure:5303: result: yes
configure:5307: checking whether the shell understands "+="
configure:5313: result: yes
configure:5348: checking for /usr/bin/ld option to reload object files
configure:5355: result: -r
configure:5424: checking for objdump
configure:5440: found /usr/bin/objdump
configure:5451: result: objdump
configure:5483: checking how to recognize dependent libraries
configure:5679: result: pass_all
configure:5739: checking for ar
configure:5755: found /usr/bin/ar
configure:5766: result: ar
configure:5844: checking for strip
configure:5860: found /usr/bin/strip
configure:5871: result: strip
configure:5943: checking for ranlib
configure:5959: found /usr/bin/ranlib
configure:5970: result: ranlib
configure:6060: checking command to parse /usr/bin/nm -B output from gcc object
configure:6178: gcc -c -Wall -g -fstack-protector -fPIE -Os  conftest.c >&5
configure:6181: $? = 0
configure:6185: /usr/bin/nm -B conftest.o \| sed -n -e 's/^.*[	 ]\([ABCDGIRSTW][ABCDGIRSTW]*\)[	 ][	 ]*\([_A-Za-z][_A-Za-z0-9]*\)$/\1 \2 \2/p' \> conftest.nm
configure:6188: $? = 0
configure:6242: gcc -o conftest -Wall -g -fstack-protector -fPIE -Os  -Wl,-z,relro -Wl,-z,now -pie -Wl,-O1 conftest.c conftstm.o >&5
configure:6245: $? = 0
configure:6283: result: ok
configure:7088: checking for dlfcn.h
configure:7088: gcc -c -Wall -g -fstack-protector -fPIE -Os  conftest.c >&5
configure:7088: $? = 0
configure:7088: result: yes
configure:7272: checking for objdir
configure:7287: result: .libs
configure:7583: checking if gcc supports -fno-rtti -fno-exceptions
configure:7601: gcc -c -Wall -g -fstack-protector -fPIE -Os  -fno-rtti -fno-exceptions conftest.c >&5
cc1: warning: command line option "-fno-rtti" is valid for C++/ObjC++ but not for C
configure:7605: $? = 0
configure:7618: result: no
configure:7638: checking for gcc option to produce PIC
configure:7910: result: -fPIC -DPIC
configure:7922: checking if gcc PIC flag -fPIC -DPIC works
configure:7940: gcc -c -Wall -g -fstack-protector -fPIE -Os  -fPIC -DPIC -DPIC conftest.c >&5
configure:7944: $? = 0
configure:7957: result: yes
configure:7981: checking if gcc static flag -static works
configure:8009: result: yes
configure:8024: checking if gcc supports -c -o file.o
configure:8045: gcc -c -Wall -g -fstack-protector -fPIE -Os  -o out/conftest2.o conftest.c >&5
configure:8049: $? = 0
configure:8071: result: yes
configure:8079: checking if gcc supports -c -o file.o
configure:8126: result: yes
configure:8159: checking whether the gcc linker (/usr/bin/ld) supports shared libraries
configure:9149: result: yes
configure:9186: checking whether -lc should be explicitly linked in
configure:9191: gcc -c -Wall -g -fstack-protector -fPIE -Os  conftest.c >&5
configure:9194: $? = 0
configure:9209: gcc -shared conftest.o  -v -Wl,-soname -Wl,conftest -o conftest 2\>\&1 \| /bin/grep  -lc  \>/dev/null 2\>\&1
configure:9212: $? = 0
configure:9224: result: no
configure:9388: checking dynamic linker characteristics
configure:9821: gcc -o conftest -Wall -g -fstack-protector -fPIE -Os  -Wl,-z,relro -Wl,-z,now -pie -Wl,-O1 -Wl,-rpath -Wl,/foo conftest.c  >&5
configure:9821: $? = 0
configure:10051: result: GNU/Linux ld.so
configure:10153: checking how to hardcode library paths into programs
configure:10178: result: immediate
configure:10698: checking whether stripping libraries is possible
configure:10703: result: yes
configure:10738: checking if libtool supports shared libraries
configure:10740: result: yes
configure:10743: checking whether to build shared libraries
configure:10764: result: yes
configure:10767: checking whether to build static libraries
configure:10771: result: yes
configure:10809: checking whether NLS is requested
configure:10818: result: yes
configure:10856: checking for msgfmt
configure: trying /usr/bin/msgfmt...
0 translated messages.
configure:10888: result: /usr/bin/msgfmt
configure:10897: checking for gmsgfmt
configure:10928: result: /usr/bin/msgfmt
configure:10979: checking for xgettext
configure: trying /usr/bin/xgettext...
/usr/bin/xgettext: warning: file `/dev/null' extension `' is unknown; will try C
configure:11011: result: /usr/bin/xgettext
configure:11057: checking for msgmerge
configure: trying /usr/bin/msgmerge...
configure:11088: result: /usr/bin/msgmerge
configure:11103: checking whether we are using the GNU C Library 2 or newer
configure:11130: result: yes
configure:11179: checking for ranlib
configure:11206: result: ranlib
configure:11233: checking for simple visibility declarations
configure:11255: gcc -c -Wall -g -fstack-protector -fPIE -Os -fvisibility=hidden  conftest.c >&5
configure:11255: $? = 0
configure:11264: result: yes
configure:11279: checking for inline
configure:11295: gcc -c -Wall -g -fstack-protector -fPIE -Os  conftest.c >&5
configure:11295: $? = 0
configure:11303: result: inline
configure:11321: checking for size_t
configure:11321: gcc -c -Wall -g -fstack-protector -fPIE -Os  conftest.c >&5
configure:11321: $? = 0
configure:11321: gcc -c -Wall -g -fstack-protector -fPIE -Os  conftest.c >&5
conftest.c: In function 'main':
conftest.c:66: error: expected expression before ')' token
configure:11321: $? = 1
configure: failed program was:
| /* confdefs.h */
| #define PACKAGE_NAME "mountall"
| #define PACKAGE_TARNAME "mountall"
| #define PACKAGE_VERSION "1.0"
| #define PACKAGE_STRING "mountall 1.0"
| #define PACKAGE_BUGREPORT "ubuntu-devel@lists.ubuntu.com"
| #define PACKAGE_URL ""
| #define PACKAGE_COPYRIGHT "Copyright (C) 2009 Canonical Ltd."
| #define STDC_HEADERS 1
| #define HAVE_SYS_TYPES_H 1
| #define HAVE_SYS_STAT_H 1
| #define HAVE_STDLIB_H 1
| #define HAVE_STRING_H 1
| #define HAVE_MEMORY_H 1
| #define HAVE_STRINGS_H 1
| #define HAVE_INTTYPES_H 1
| #define HAVE_STDINT_H 1
| #define HAVE_UNISTD_H 1
| #define __EXTENSIONS__ 1
| #define _ALL_SOURCE 1
| #define _GNU_SOURCE 1
| #define _POSIX_PTHREAD_SEMANTICS 1
| #define _TANDEM_SOURCE 1
| #define PACKAGE "mountall"
| #define VERSION "1.0"
| #define HAVE_DLFCN_H 1
| #define LT_OBJDIR ".libs/"
| #define HAVE_VISIBILITY 1
| /* end confdefs.h.  */
| #include <stdio.h>
| #ifdef HAVE_SYS_TYPES_H
| # include <sys/types.h>
| #endif
| #ifdef HAVE_SYS_STAT_H
| # include <sys/stat.h>
| #endif
| #ifdef STDC_HEADERS
| # include <stdlib.h>
| # include <stddef.h>
| #else
| # ifdef HAVE_STDLIB_H
| #  include <stdlib.h>
| # endif
| #endif
| #ifdef HAVE_STRING_H
| # if !defined STDC_HEADERS && defined HAVE_MEMORY_H
| #  include <memory.h>
| # endif
| # include <string.h>
| #endif
| #ifdef HAVE_STRINGS_H
| # include <strings.h>
| #endif
| #ifdef HAVE_INTTYPES_H
| # include <inttypes.h>
| #endif
| #ifdef HAVE_STDINT_H
| # include <stdint.h>
| #endif
| #ifdef HAVE_UNISTD_H
| # include <unistd.h>
| #endif
| int
| main ()
| {
| if (sizeof ((size_t)))
| 	    return 0;
|   ;
|   return 0;
| }
configure:11321: result: yes
configure:11333: checking for stdint.h
configure:11350: gcc -c -Wall -g -fstack-protector -fPIE -Os  conftest.c >&5
configure:11350: $? = 0
configure:11357: result: yes
configure:11369: checking for working alloca.h
configure:11386: gcc -o conftest -Wall -g -fstack-protector -fPIE -Os  -Wl,-z,relro -Wl,-z,now -pie -Wl,-O1 conftest.c  >&5
configure:11386: $? = 0
configure:11394: result: yes
configure:11402: checking for alloca
configure:11439: gcc -o conftest -Wall -g -fstack-protector -fPIE -Os  -Wl,-z,relro -Wl,-z,now -pie -Wl,-O1 conftest.c  >&5
configure:11439: $? = 0
configure:11447: result: yes
configure:11560: checking for stdlib.h
configure:11560: result: yes
configure:11560: checking for unistd.h
configure:11560: result: yes
configure:11573: checking for getpagesize
configure:11573: gcc -o conftest -Wall -g -fstack-protector -fPIE -Os  -Wl,-z,relro -Wl,-z,now -pie -Wl,-O1 conftest.c  >&5
configure:11573: $? = 0
configure:11573: result: yes
configure:11582: checking for working mmap
configure:11719: gcc -o conftest -Wall -g -fstack-protector -fPIE -Os  -Wl,-z,relro -Wl,-z,now -pie -Wl,-O1 conftest.c  >&5
configure:11719: $? = 0
configure:11719: ./conftest
configure:11719: $? = 0
configure:11729: result: yes
configure:11740: checking whether integer division by zero raises SIGFPE
configure:11797: gcc -o conftest -Wall -g -fstack-protector -fPIE -Os  -Wl,-z,relro -Wl,-z,now -pie -Wl,-O1 conftest.c  >&5
conftest.c:55: warning: built-in function 'nan' declared as non-function
configure:11797: $? = 0
configure:11797: ./conftest
configure:11797: $? = 0
configure:11808: result: yes
configure:11821: checking for inttypes.h
configure:11838: gcc -c -Wall -g -fstack-protector -fPIE -Os  conftest.c >&5
configure:11838: $? = 0
configure:11845: result: yes
configure:11856: checking for unsigned long long int
configure:11877: gcc -o conftest -Wall -g -fstack-protector -fPIE -Os  -Wl,-z,relro -Wl,-z,now -pie -Wl,-O1 conftest.c  >&5
configure:11877: $? = 0
configure:11885: result: yes
configure:11924: checking for inttypes.h
configure:11924: result: yes
configure:11935: checking whether the inttypes.h PRIxNN macros are broken
configure:11956: gcc -c -Wall -g -fstack-protector -fPIE -Os  conftest.c >&5
configure:11956: $? = 0
configure:11964: result: no
configure:12058: checking for ld used by GCC
configure:12122: result: /usr/bin/ld
configure:12129: checking if the linker (/usr/bin/ld) is GNU ld
configure:12142: result: yes
configure:12149: checking for shared library run path origin
configure:12162: result: done
configure:12206: checking whether imported symbols can be declared weak
configure:12221: gcc -o conftest -Wall -g -fstack-protector -fPIE -Os  -Wl,-z,relro -Wl,-z,now -pie -Wl,-O1 conftest.c  >&5
configure:12221: $? = 0
configure:12226: result: yes
configure:12231: checking pthread.h usability
configure:12231: gcc -c -Wall -g -fstack-protector -fPIE -Os  conftest.c >&5
configure:12231: $? = 0
configure:12231: result: yes
configure:12231: checking pthread.h presence
configure:12231: gcc -E  conftest.c
configure:12231: $? = 0
configure:12231: result: yes
configure:12231: checking for pthread.h
configure:12231: result: yes
configure:12259: gcc -o conftest -Wall -g -fstack-protector -fPIE -Os  -Wl,-z,relro -Wl,-z,now -pie -Wl,-O1 conftest.c  >&5
conftest.c: In function 'main':
conftest.c:47: warning: null argument where non-null required (argument 1)
conftest.c:48: warning: null argument where non-null required (argument 1)
/tmp/cc67MkWg.o: In function `main':
/home/scott/work/mountall/mountall/conftest.c:48: undefined reference to `pthread_mutexattr_init'
collect2: ld returned 1 exit status
configure:12259: $? = 1
configure: failed program was:
| /* confdefs.h */
| #define PACKAGE_NAME "mountall"
| #define PACKAGE_TARNAME "mountall"
| #define PACKAGE_VERSION "1.0"
| #define PACKAGE_STRING "mountall 1.0"
| #define PACKAGE_BUGREPORT "ubuntu-devel@lists.ubuntu.com"
| #define PACKAGE_URL ""
| #define PACKAGE_COPYRIGHT "Copyright (C) 2009 Canonical Ltd."
| #define STDC_HEADERS 1
| #define HAVE_SYS_TYPES_H 1
| #define HAVE_SYS_STAT_H 1
| #define HAVE_STDLIB_H 1
| #define HAVE_STRING_H 1
| #define HAVE_MEMORY_H 1
| #define HAVE_STRINGS_H 1
| #define HAVE_INTTYPES_H 1
| #define HAVE_STDINT_H 1
| #define HAVE_UNISTD_H 1
| #define __EXTENSIONS__ 1
| #define _ALL_SOURCE 1
| #define _GNU_SOURCE 1
| #define _POSIX_PTHREAD_SEMANTICS 1
| #define _TANDEM_SOURCE 1
| #define PACKAGE "mountall"
| #define VERSION "1.0"
| #define HAVE_DLFCN_H 1
| #define LT_OBJDIR ".libs/"
| #define HAVE_VISIBILITY 1
| #define HAVE_STDINT_H_WITH_UINTMAX 1
| #define HAVE_ALLOCA_H 1
| #define HAVE_ALLOCA 1
| #define HAVE_STDLIB_H 1
| #define HAVE_UNISTD_H 1
| #define HAVE_GETPAGESIZE 1
| #define HAVE_MMAP 1
| #define INTDIV0_RAISES_SIGFPE 1
| #define HAVE_INTTYPES_H_WITH_UINTMAX 1
| #define HAVE_UNSIGNED_LONG_LONG_INT 1
| #define HAVE_UNSIGNED_LONG_LONG 1
| #define HAVE_UINTMAX_T 1
| #define HAVE_INTTYPES_H 1
| /* end confdefs.h.  */
| #include <pthread.h>
| int
| main ()
| {
| pthread_mutex_lock((pthread_mutex_t*)0);
|            pthread_mutexattr_init((pthread_mutexattr_t*)0);
|   ;
|   return 0;
| }
configure:12322: checking for pthread_kill in -lpthread
configure:12347: gcc -o conftest -Wall -g -fstack-protector -fPIE -Os  -Wl,-z,relro -Wl,-z,now -pie -Wl,-O1 conftest.c -lpthread   >&5
configure:12347: $? = 0
configure:12356: result: yes
configure:12426: checking for pthread_rwlock_t
configure:12426: gcc -c -Wall -g -fstack-protector -fPIE -Os  conftest.c >&5
configure:12426: $? = 0
configure:12426: gcc -c -Wall -g -fstack-protector -fPIE -Os  conftest.c >&5
conftest.c: In function 'main':
conftest.c:50: error: expected expression before ')' token
configure:12426: $? = 1
configure: failed program was:
| /* confdefs.h */
| #define PACKAGE_NAME "mountall"
| #define PACKAGE_TARNAME "mountall"
| #define PACKAGE_VERSION "1.0"
| #define PACKAGE_STRING "mountall 1.0"
| #define PACKAGE_BUGREPORT "ubuntu-devel@lists.ubuntu.com"
| #define PACKAGE_URL ""
| #define PACKAGE_COPYRIGHT "Copyright (C) 2009 Canonical Ltd."
| #define STDC_HEADERS 1
| #define HAVE_SYS_TYPES_H 1
| #define HAVE_SYS_STAT_H 1
| #define HAVE_STDLIB_H 1
| #define HAVE_STRING_H 1
| #define HAVE_MEMORY_H 1
| #define HAVE_STRINGS_H 1
| #define HAVE_INTTYPES_H 1
| #define HAVE_STDINT_H 1
| #define HAVE_UNISTD_H 1
| #define __EXTENSIONS__ 1
| #define _ALL_SOURCE 1
| #define _GNU_SOURCE 1
| #define _POSIX_PTHREAD_SEMANTICS 1
| #define _TANDEM_SOURCE 1
| #define PACKAGE "mountall"
| #define VERSION "1.0"
| #define HAVE_DLFCN_H 1
| #define LT_OBJDIR ".libs/"
| #define HAVE_VISIBILITY 1
| #define HAVE_STDINT_H_WITH_UINTMAX 1
| #define HAVE_ALLOCA_H 1
| #define HAVE_ALLOCA 1
| #define HAVE_STDLIB_H 1
| #define HAVE_UNISTD_H 1
| #define HAVE_GETPAGESIZE 1
| #define HAVE_MMAP 1
| #define INTDIV0_RAISES_SIGFPE 1
| #define HAVE_INTTYPES_H_WITH_UINTMAX 1
| #define HAVE_UNSIGNED_LONG_LONG_INT 1
| #define HAVE_UNSIGNED_LONG_LONG 1
| #define HAVE_UINTMAX_T 1
| #define HAVE_INTTYPES_H 1
| #define USE_POSIX_THREADS 1
| #define USE_POSIX_THREADS_WEAK 1
| /* end confdefs.h.  */
| #include <pthread.h>
| 
| int
| main ()
| {
| if (sizeof ((pthread_rwlock_t)))
| 	    return 0;
|   ;
|   return 0;
| }
configure:12426: result: yes
configure:12451: gcc -c -Wall -g -fstack-protector -fPIE -Os  conftest.c >&5
configure:12451: $? = 0
configure:13004: checking for multithread API to use
configure:13006: result: posix
configure:13432: gcc -o conftest -Wall -g -fstack-protector -fPIE -Os  -Wl,-z,relro -Wl,-z,now -pie -Wl,-O1 conftest.c  >&5
configure:13432: $? = 0
configure:13443: checking argz.h usability
configure:13443: gcc -c -Wall -g -fstack-protector -fPIE -Os  conftest.c >&5
configure:13443: $? = 0
configure:13443: result: yes
configure:13443: checking argz.h presence
configure:13443: gcc -E  conftest.c
configure:13443: $? = 0
configure:13443: result: yes
configure:13443: checking for argz.h
configure:13443: result: yes
configure:13443: checking for inttypes.h
configure:13443: result: yes
configure:13443: checking limits.h usability
configure:13443: gcc -c -Wall -g -fstack-protector -fPIE -Os  conftest.c >&5
configure:13443: $? = 0
configure:13443: result: yes
configure:13443: checking limits.h presence
configure:13443: gcc -E  conftest.c
configure:13443: $? = 0
configure:13443: result: yes
configure:13443: checking for limits.h
configure:13443: result: yes
configure:13443: checking for unistd.h
configure:13443: result: yes
configure:13443: checking sys/param.h usability
configure:13443: gcc -c -Wall -g -fstack-protector -fPIE -Os  conftest.c >&5
configure:13443: $? = 0
configure:13443: result: yes
configure:13443: checking sys/param.h presence
configure:13443: gcc -E  conftest.c
configure:13443: $? = 0
configure:13443: result: yes
configure:13443: checking for sys/param.h
configure:13443: result: yes
configure:13459: checking for getcwd
configure:13459: gcc -o conftest -Wall -g -fstack-protector -fPIE -Os  -Wl,-z,relro -Wl,-z,now -pie -Wl,-O1 conftest.c  >&5
configure:13459: $? = 0
configure:13459: result: yes
configure:13459: checking for getegid
configure:13459: gcc -o conftest -Wall -g -fstack-protector -fPIE -Os  -Wl,-z,relro -Wl,-z,now -pie -Wl,-O1 conftest.c  >&5
configure:13459: $? = 0
configure:13459: result: yes
configure:13459: checking for geteuid
configure:13459: gcc -o conftest -Wall -g -fstack-protector -fPIE -Os  -Wl,-z,relro -Wl,-z,now -pie -Wl,-O1 conftest.c  >&5
configure:13459: $? = 0
configure:13459: result: yes
configure:13459: checking for getgid
configure:13459: gcc -o conftest -Wall -g -fstack-protector -fPIE -Os  -Wl,-z,relro -Wl,-z,now -pie -Wl,-O1 conftest.c  >&5
configure:13459: $? = 0
configure:13459: result: yes
configure:13459: checking for getuid
configure:13459: gcc -o conftest -Wall -g -fstack-protector -fPIE -Os  -Wl,-z,relro -Wl,-z,now -pie -Wl,-O1 conftest.c  >&5
configure:13459: $? = 0
configure:13459: result: yes
configure:13459: checking for mempcpy
configure:13459: gcc -o conftest -Wall -g -fstack-protector -fPIE -Os  -Wl,-z,relro -Wl,-z,now -pie -Wl,-O1 conftest.c  >&5
conftest.c:81: warning: conflicting types for built-in function 'mempcpy'
configure:13459: $? = 0
configure:13459: result: yes
configure:13459: checking for munmap
configure:13459: gcc -o conftest -Wall -g -fstack-protector -fPIE -Os  -Wl,-z,relro -Wl,-z,now -pie -Wl,-O1 conftest.c  >&5
configure:13459: $? = 0
configure:13459: result: yes
configure:13459: checking for stpcpy
configure:13459: gcc -o conftest -Wall -g -fstack-protector -fPIE -Os  -Wl,-z,relro -Wl,-z,now -pie -Wl,-O1 conftest.c  >&5
conftest.c:83: warning: conflicting types for built-in function 'stpcpy'
configure:13459: $? = 0
configure:13459: result: yes
configure:13459: checking for strcasecmp
configure:13459: gcc -o conftest -Wall -g -fstack-protector -fPIE -Os  -Wl,-z,relro -Wl,-z,now -pie -Wl,-O1 conftest.c  >&5
conftest.c:84: warning: conflicting types for built-in function 'strcasecmp'
configure:13459: $? = 0
configure:13459: result: yes
configure:13459: checking for strdup
configure:13459: gcc -o conftest -Wall -g -fstack-protector -fPIE -Os  -Wl,-z,relro -Wl,-z,now -pie -Wl,-O1 conftest.c  >&5
conftest.c:85: warning: conflicting types for built-in function 'strdup'
configure:13459: $? = 0
configure:13459: result: yes
configure:13459: checking for strtoul
configure:13459: gcc -o conftest -Wall -g -fstack-protector -fPIE -Os  -Wl,-z,relro -Wl,-z,now -pie -Wl,-O1 conftest.c  >&5
configure:13459: $? = 0
configure:13459: result: yes
configure:13459: checking for tsearch
configure:13459: gcc -o conftest -Wall -g -fstack-protector -fPIE -Os  -Wl,-z,relro -Wl,-z,now -pie -Wl,-O1 conftest.c  >&5
configure:13459: $? = 0
configure:13459: result: yes
configure:13459: checking for argz_count
configure:13459: gcc -o conftest -Wall -g -fstack-protector -fPIE -Os  -Wl,-z,relro -Wl,-z,now -pie -Wl,-O1 conftest.c  >&5
configure:13459: $? = 0
configure:13459: result: yes
configure:13459: checking for argz_stringify
configure:13459: gcc -o conftest -Wall -g -fstack-protector -fPIE -Os  -Wl,-z,relro -Wl,-z,now -pie -Wl,-O1 conftest.c  >&5
configure:13459: $? = 0
configure:13459: result: yes
configure:13459: checking for argz_next
configure:13459: gcc -o conftest -Wall -g -fstack-protector -fPIE -Os  -Wl,-z,relro -Wl,-z,now -pie -Wl,-O1 conftest.c  >&5
configure:13459: $? = 0
configure:13459: result: yes
configure:13459: checking for __fsetlocking
configure:13459: gcc -o conftest -Wall -g -fstack-protector -fPIE -Os  -Wl,-z,relro -Wl,-z,now -pie -Wl,-O1 conftest.c  >&5
configure:13459: $? = 0
configure:13459: result: yes
configure:13471: checking whether feof_unlocked is declared
configure:13491: gcc -c -Wall -g -fstack-protector -fPIE -Os  conftest.c >&5
conftest.c: In function 'main':
conftest.c:75: warning: unused variable 'p'
configure:13491: $? = 0
configure:13498: result: yes
configure:13512: checking whether fgets_unlocked is declared
configure:13532: gcc -c -Wall -g -fstack-protector -fPIE -Os  conftest.c >&5
conftest.c: In function 'main':
conftest.c:76: warning: unused variable 'p'
configure:13532: $? = 0
configure:13539: result: yes
configure:13583: checking for iconv
configure:13605: gcc -o conftest -Wall -g -fstack-protector -fPIE -Os  -Wl,-z,relro -Wl,-z,now -pie -Wl,-O1 conftest.c  >&5
configure:13605: $? = 0
configure:13637: result: yes
configure:13658: checking for iconv declaration
configure:13687: gcc -c -Wall -g -fstack-protector -fPIE -Os  conftest.c >&5
configure:13687: $? = 0
configure:13698: result: install-shextern size_t iconv (iconv_t cd, char * *inbuf, size_t *inbytesleft, char * *outbuf, size_t *outbytesleft);
configure:13709: checking for NL_LOCALE_NAME macro
configure:13726: gcc -o conftest -Wall -g -fstack-protector -fPIE -Os  -Wl,-z,relro -Wl,-z,now -pie -Wl,-O1 conftest.c  >&5
conftest.c: In function 'main':
conftest.c:78: warning: unused variable 'cs'
configure:13726: $? = 0
configure:13735: result: yes
configure:13747: checking for bison
configure:13763: found /usr/bin/bison
configure:13774: result: bison
configure:13788: checking version of bison
configure:13797: result: 2.4.1, ok
configure:13805: checking for long long int
configure:13828: gcc -o conftest -Wall -g -fstack-protector -fPIE -Os  -Wl,-z,relro -Wl,-z,now -pie -Wl,-O1 conftest.c  >&5
configure:13828: $? = 0
configure:13836: result: yes
configure:13845: checking for long double
configure:13877: result: yes
configure:13886: checking for wchar_t
configure:13903: gcc -c -Wall -g -fstack-protector -fPIE -Os  conftest.c >&5
configure:13903: $? = 0
configure:13910: result: yes
configure:13919: checking for wint_t
configure:13936: gcc -c -Wall -g -fstack-protector -fPIE -Os  conftest.c >&5
configure:13936: $? = 0
configure:13943: result: yes
configure:13954: checking for intmax_t
configure:13980: gcc -c -Wall -g -fstack-protector -fPIE -Os  conftest.c >&5
configure:13980: $? = 0
configure:13987: result: yes
configure:13997: checking whether printf() supports POSIX/XSI format strings
configure:14038: gcc -o conftest -Wall -g -fstack-protector -fPIE -Os  -Wl,-z,relro -Wl,-z,now -pie -Wl,-O1 conftest.c  >&5
configure:14038: $? = 0
configure:14038: ./conftest
configure:14038: $? = 0
configure:14049: result: yes
configure:14060: checking whether we are using the GNU C Library 2.1 or newer
configure:14087: result: yes
configure:14096: checking for stdint.h
configure:14096: result: yes
configure:14106: checking for SIZE_MAX
configure:14180: result: yes
configure:14195: checking for stdint.h
configure:14195: result: yes
configure:14207: checking for CFPreferencesCopyAppValue
configure:14225: gcc -o conftest -Wall -g -fstack-protector -fPIE -Os  -Wl,-z,relro -Wl,-z,now -pie -Wl,-O1 conftest.c  -Wl,-framework -Wl,CoreFoundation >&5
conftest.c:82:42: error: CoreFoundation/CFPreferences.h: No such file or directory
conftest.c: In function 'main':
conftest.c:86: warning: implicit declaration of function 'CFPreferencesCopyAppValue'
conftest.c:86: error: 'NULL' undeclared (first use in this function)
conftest.c:86: error: (Each undeclared identifier is reported only once
conftest.c:86: error: for each function it appears in.)
configure:14225: $? = 1
configure: failed program was:
| /* confdefs.h */
| #define PACKAGE_NAME "mountall"
| #define PACKAGE_TARNAME "mountall"
| #define PACKAGE_VERSION "1.0"
| #define PACKAGE_STRING "mountall 1.0"
| #define PACKAGE_BUGREPORT "ubuntu-devel@lists.ubuntu.com"
| #define PACKAGE_URL ""
| #define PACKAGE_COPYRIGHT "Copyright (C) 2009 Canonical Ltd."
| #define STDC_HEADERS 1
| #define HAVE_SYS_TYPES_H 1
| #define HAVE_SYS_STAT_H 1
| #define HAVE_STDLIB_H 1
| #define HAVE_STRING_H 1
| #define HAVE_MEMORY_H 1
| #define HAVE_STRINGS_H 1
| #define HAVE_INTTYPES_H 1
| #define HAVE_STDINT_H 1
| #define HAVE_UNISTD_H 1
| #define __EXTENSIONS__ 1
| #define _ALL_SOURCE 1
| #define _GNU_SOURCE 1
| #define _POSIX_PTHREAD_SEMANTICS 1
| #define _TANDEM_SOURCE 1
| #define PACKAGE "mountall"
| #define VERSION "1.0"
| #define HAVE_DLFCN_H 1
| #define LT_OBJDIR ".libs/"
| #define HAVE_VISIBILITY 1
| #define HAVE_STDINT_H_WITH_UINTMAX 1
| #define HAVE_ALLOCA_H 1
| #define HAVE_ALLOCA 1
| #define HAVE_STDLIB_H 1
| #define HAVE_UNISTD_H 1
| #define HAVE_GETPAGESIZE 1
| #define HAVE_MMAP 1
| #define INTDIV0_RAISES_SIGFPE 1
| #define HAVE_INTTYPES_H_WITH_UINTMAX 1
| #define HAVE_UNSIGNED_LONG_LONG_INT 1
| #define HAVE_UNSIGNED_LONG_LONG 1
| #define HAVE_UINTMAX_T 1
| #define HAVE_INTTYPES_H 1
| #define USE_POSIX_THREADS 1
| #define USE_POSIX_THREADS_WEAK 1
| #define HAVE_PTHREAD_RWLOCK 1
| #define HAVE_PTHREAD_MUTEX_RECURSIVE 1
| #define HAVE_BUILTIN_EXPECT 1
| #define HAVE_ARGZ_H 1
| #define HAVE_INTTYPES_H 1
| #define HAVE_LIMITS_H 1
| #define HAVE_UNISTD_H 1
| #define HAVE_SYS_PARAM_H 1
| #define HAVE_GETCWD 1
| #define HAVE_GETEGID 1
| #define HAVE_GETEUID 1
| #define HAVE_GETGID 1
| #define HAVE_GETUID 1
| #define HAVE_MEMPCPY 1
| #define HAVE_MUNMAP 1
| #define HAVE_STPCPY 1
| #define HAVE_STRCASECMP 1
| #define HAVE_STRDUP 1
| #define HAVE_STRTOUL 1
| #define HAVE_TSEARCH 1
| #define HAVE_ARGZ_COUNT 1
| #define HAVE_ARGZ_STRINGIFY 1
| #define HAVE_ARGZ_NEXT 1
| #define HAVE___FSETLOCKING 1
| #define HAVE_DECL_FEOF_UNLOCKED 1
| #define HAVE_DECL_FGETS_UNLOCKED 1
| #define HAVE_ICONV 1
| #define ICONV_CONST 
| #define HAVE_NL_LOCALE_NAME 1
| #define HAVE_LONG_LONG_INT 1
| #define HAVE_LONG_DOUBLE 1
| #define HAVE_WCHAR_T 1
| #define HAVE_WINT_T 1
| #define HAVE_INTMAX_T 1
| #define HAVE_POSIX_PRINTF 1
| #define HAVE_STDINT_H 1
| #define HAVE_STDINT_H 1
| /* end confdefs.h.  */
| #include <CoreFoundation/CFPreferences.h>
| int
| main ()
| {
| CFPreferencesCopyAppValue(NULL, NULL)
|   ;
|   return 0;
| }
configure:14234: result: no
configure:14241: checking for CFLocaleCopyCurrent
configure:14259: gcc -o conftest -Wall -g -fstack-protector -fPIE -Os  -Wl,-z,relro -Wl,-z,now -pie -Wl,-O1 conftest.c  -Wl,-framework -Wl,CoreFoundation >&5
conftest.c:82:37: error: CoreFoundation/CFLocale.h: No such file or directory
conftest.c: In function 'main':
conftest.c:86: warning: implicit declaration of function 'CFLocaleCopyCurrent'
configure:14259: $? = 1
configure: failed program was:
| /* confdefs.h */
| #define PACKAGE_NAME "mountall"
| #define PACKAGE_TARNAME "mountall"
| #define PACKAGE_VERSION "1.0"
| #define PACKAGE_STRING "mountall 1.0"
| #define PACKAGE_BUGREPORT "ubuntu-devel@lists.ubuntu.com"
| #define PACKAGE_URL ""
| #define PACKAGE_COPYRIGHT "Copyright (C) 2009 Canonical Ltd."
| #define STDC_HEADERS 1
| #define HAVE_SYS_TYPES_H 1
| #define HAVE_SYS_STAT_H 1
| #define HAVE_STDLIB_H 1
| #define HAVE_STRING_H 1
| #define HAVE_MEMORY_H 1
| #define HAVE_STRINGS_H 1
| #define HAVE_INTTYPES_H 1
| #define HAVE_STDINT_H 1
| #define HAVE_UNISTD_H 1
| #define __EXTENSIONS__ 1
| #define _ALL_SOURCE 1
| #define _GNU_SOURCE 1
| #define _POSIX_PTHREAD_SEMANTICS 1
| #define _TANDEM_SOURCE 1
| #define PACKAGE "mountall"
| #define VERSION "1.0"
| #define HAVE_DLFCN_H 1
| #define LT_OBJDIR ".libs/"
| #define HAVE_VISIBILITY 1
| #define HAVE_STDINT_H_WITH_UINTMAX 1
| #define HAVE_ALLOCA_H 1
| #define HAVE_ALLOCA 1
| #define HAVE_STDLIB_H 1
| #define HAVE_UNISTD_H 1
| #define HAVE_GETPAGESIZE 1
| #define HAVE_MMAP 1
| #define INTDIV0_RAISES_SIGFPE 1
| #define HAVE_INTTYPES_H_WITH_UINTMAX 1
| #define HAVE_UNSIGNED_LONG_LONG_INT 1
| #define HAVE_UNSIGNED_LONG_LONG 1
| #define HAVE_UINTMAX_T 1
| #define HAVE_INTTYPES_H 1
| #define USE_POSIX_THREADS 1
| #define USE_POSIX_THREADS_WEAK 1
| #define HAVE_PTHREAD_RWLOCK 1
| #define HAVE_PTHREAD_MUTEX_RECURSIVE 1
| #define HAVE_BUILTIN_EXPECT 1
| #define HAVE_ARGZ_H 1
| #define HAVE_INTTYPES_H 1
| #define HAVE_LIMITS_H 1
| #define HAVE_UNISTD_H 1
| #define HAVE_SYS_PARAM_H 1
| #define HAVE_GETCWD 1
| #define HAVE_GETEGID 1
| #define HAVE_GETEUID 1
| #define HAVE_GETGID 1
| #define HAVE_GETUID 1
| #define HAVE_MEMPCPY 1
| #define HAVE_MUNMAP 1
| #define HAVE_STPCPY 1
| #define HAVE_STRCASECMP 1
| #define HAVE_STRDUP 1
| #define HAVE_STRTOUL 1
| #define HAVE_TSEARCH 1
| #define HAVE_ARGZ_COUNT 1
| #define HAVE_ARGZ_STRINGIFY 1
| #define HAVE_ARGZ_NEXT 1
| #define HAVE___FSETLOCKING 1
| #define HAVE_DECL_FEOF_UNLOCKED 1
| #define HAVE_DECL_FGETS_UNLOCKED 1
| #define HAVE_ICONV 1
| #define ICONV_CONST 
| #define HAVE_NL_LOCALE_NAME 1
| #define HAVE_LONG_LONG_INT 1
| #define HAVE_LONG_DOUBLE 1
| #define HAVE_WCHAR_T 1
| #define HAVE_WINT_T 1
| #define HAVE_INTMAX_T 1
| #define HAVE_POSIX_PRINTF 1
| #define HAVE_STDINT_H 1
| #define HAVE_STDINT_H 1
| /* end confdefs.h.  */
| #include <CoreFoundation/CFLocale.h>
| int
| main ()
| {
| CFLocaleCopyCurrent();
|   ;
|   return 0;
| }
configure:14268: result: no
configure:14286: checking for ptrdiff_t
configure:14286: gcc -c -Wall -g -fstack-protector -fPIE -Os  conftest.c >&5
configure:14286: $? = 0
configure:14286: gcc -c -Wall -g -fstack-protector -fPIE -Os  conftest.c >&5
conftest.c: In function 'main':
conftest.c:118: error: expected expression before ')' token
configure:14286: $? = 1
configure: failed program was:
| /* confdefs.h */
| #define PACKAGE_NAME "mountall"
| #define PACKAGE_TARNAME "mountall"
| #define PACKAGE_VERSION "1.0"
| #define PACKAGE_STRING "mountall 1.0"
| #define PACKAGE_BUGREPORT "ubuntu-devel@lists.ubuntu.com"
| #define PACKAGE_URL ""
| #define PACKAGE_COPYRIGHT "Copyright (C) 2009 Canonical Ltd."
| #define STDC_HEADERS 1
| #define HAVE_SYS_TYPES_H 1
| #define HAVE_SYS_STAT_H 1
| #define HAVE_STDLIB_H 1
| #define HAVE_STRING_H 1
| #define HAVE_MEMORY_H 1
| #define HAVE_STRINGS_H 1
| #define HAVE_INTTYPES_H 1
| #define HAVE_STDINT_H 1
| #define HAVE_UNISTD_H 1
| #define __EXTENSIONS__ 1
| #define _ALL_SOURCE 1
| #define _GNU_SOURCE 1
| #define _POSIX_PTHREAD_SEMANTICS 1
| #define _TANDEM_SOURCE 1
| #define PACKAGE "mountall"
| #define VERSION "1.0"
| #define HAVE_DLFCN_H 1
| #define LT_OBJDIR ".libs/"
| #define HAVE_VISIBILITY 1
| #define HAVE_STDINT_H_WITH_UINTMAX 1
| #define HAVE_ALLOCA_H 1
| #define HAVE_ALLOCA 1
| #define HAVE_STDLIB_H 1
| #define HAVE_UNISTD_H 1
| #define HAVE_GETPAGESIZE 1
| #define HAVE_MMAP 1
| #define INTDIV0_RAISES_SIGFPE 1
| #define HAVE_INTTYPES_H_WITH_UINTMAX 1
| #define HAVE_UNSIGNED_LONG_LONG_INT 1
| #define HAVE_UNSIGNED_LONG_LONG 1
| #define HAVE_UINTMAX_T 1
| #define HAVE_INTTYPES_H 1
| #define USE_POSIX_THREADS 1
| #define USE_POSIX_THREADS_WEAK 1
| #define HAVE_PTHREAD_RWLOCK 1
| #define HAVE_PTHREAD_MUTEX_RECURSIVE 1
| #define HAVE_BUILTIN_EXPECT 1
| #define HAVE_ARGZ_H 1
| #define HAVE_INTTYPES_H 1
| #define HAVE_LIMITS_H 1
| #define HAVE_UNISTD_H 1
| #define HAVE_SYS_PARAM_H 1
| #define HAVE_GETCWD 1
| #define HAVE_GETEGID 1
| #define HAVE_GETEUID 1
| #define HAVE_GETGID 1
| #define HAVE_GETUID 1
| #define HAVE_MEMPCPY 1
| #define HAVE_MUNMAP 1
| #define HAVE_STPCPY 1
| #define HAVE_STRCASECMP 1
| #define HAVE_STRDUP 1
| #define HAVE_STRTOUL 1
| #define HAVE_TSEARCH 1
| #define HAVE_ARGZ_COUNT 1
| #define HAVE_ARGZ_STRINGIFY 1
| #define HAVE_ARGZ_NEXT 1
| #define HAVE___FSETLOCKING 1
| #define HAVE_DECL_FEOF_UNLOCKED 1
| #define HAVE_DECL_FGETS_UNLOCKED 1
| #define HAVE_ICONV 1
| #define ICONV_CONST 
| #define HAVE_NL_LOCALE_NAME 1
| #define HAVE_LONG_LONG_INT 1
| #define HAVE_LONG_DOUBLE 1
| #define HAVE_WCHAR_T 1
| #define HAVE_WINT_T 1
| #define HAVE_INTMAX_T 1
| #define HAVE_POSIX_PRINTF 1
| #define HAVE_STDINT_H 1
| #define HAVE_STDINT_H 1
| /* end confdefs.h.  */
| #include <stdio.h>
| #ifdef HAVE_SYS_TYPES_H
| # include <sys/types.h>
| #endif
| #ifdef HAVE_SYS_STAT_H
| # include <sys/stat.h>
| #endif
| #ifdef STDC_HEADERS
| # include <stdlib.h>
| # include <stddef.h>
| #else
| # ifdef HAVE_STDLIB_H
| #  include <stdlib.h>
| # endif
| #endif
| #ifdef HAVE_STRING_H
| # if !defined STDC_HEADERS && defined HAVE_MEMORY_H
| #  include <memory.h>
| # endif
| # include <string.h>
| #endif
| #ifdef HAVE_STRINGS_H
| # include <strings.h>
| #endif
| #ifdef HAVE_INTTYPES_H
| # include <inttypes.h>
| #endif
| #ifdef HAVE_STDINT_H
| # include <stdint.h>
| #endif
| #ifdef HAVE_UNISTD_H
| # include <unistd.h>
| #endif
| int
| main ()
| {
| if (sizeof ((ptrdiff_t)))
| 	    return 0;
|   ;
|   return 0;
| }
configure:14286: result: yes
configure:14299: checking stddef.h usability
configure:14299: gcc -c -Wall -g -fstack-protector -fPIE -Os  conftest.c >&5
configure:14299: $? = 0
configure:14299: result: yes
configure:14299: checking stddef.h presence
configure:14299: gcc -E  conftest.c
configure:14299: $? = 0
configure:14299: result: yes
configure:14299: checking for stddef.h
configure:14299: result: yes
configure:14299: checking for stdlib.h
configure:14299: result: yes
configure:14299: checking for string.h
configure:14299: result: yes
configure:14313: checking for asprintf
configure:14313: gcc -o conftest -Wall -g -fstack-protector -fPIE -Os  -Wl,-z,relro -Wl,-z,now -pie -Wl,-O1 conftest.c  >&5
configure:14313: $? = 0
configure:14313: result: yes
configure:14313: checking for fwprintf
configure:14313: gcc -o conftest -Wall -g -fstack-protector -fPIE -Os  -Wl,-z,relro -Wl,-z,now -pie -Wl,-O1 conftest.c  >&5
configure:14313: $? = 0
configure:14313: result: yes
configure:14313: checking for putenv
configure:14313: gcc -o conftest -Wall -g -fstack-protector -fPIE -Os  -Wl,-z,relro -Wl,-z,now -pie -Wl,-O1 conftest.c  >&5
configure:14313: $? = 0
configure:14313: result: yes
configure:14313: checking for setenv
configure:14313: gcc -o conftest -Wall -g -fstack-protector -fPIE -Os  -Wl,-z,relro -Wl,-z,now -pie -Wl,-O1 conftest.c  >&5
configure:14313: $? = 0
configure:14313: result: yes
configure:14313: checking for setlocale
configure:14313: gcc -o conftest -Wall -g -fstack-protector -fPIE -Os  -Wl,-z,relro -Wl,-z,now -pie -Wl,-O1 conftest.c  >&5
configure:14313: $? = 0
configure:14313: result: yes
configure:14313: checking for snprintf
configure:14313: gcc -o conftest -Wall -g -fstack-protector -fPIE -Os  -Wl,-z,relro -Wl,-z,now -pie -Wl,-O1 conftest.c  >&5
conftest.c:113: warning: conflicting types for built-in function 'snprintf'
configure:14313: $? = 0
configure:14313: result: yes
configure:14313: checking for wcslen
configure:14313: gcc -o conftest -Wall -g -fstack-protector -fPIE -Os  -Wl,-z,relro -Wl,-z,now -pie -Wl,-O1 conftest.c  >&5
configure:14313: $? = 0
configure:14313: result: yes
configure:14325: checking whether _snprintf is declared
configure:14345: gcc -c -Wall -g -fstack-protector -fPIE -Os  conftest.c >&5
conftest.c: In function 'main':
conftest.c:98: error: '_snprintf' undeclared (first use in this function)
conftest.c:98: error: (Each undeclared identifier is reported only once
conftest.c:98: error: for each function it appears in.)
conftest.c:98: warning: unused variable 'p'
configure:14345: $? = 1
configure: failed program was:
| /* confdefs.h */
| #define PACKAGE_NAME "mountall"
| #define PACKAGE_TARNAME "mountall"
| #define PACKAGE_VERSION "1.0"
| #define PACKAGE_STRING "mountall 1.0"
| #define PACKAGE_BUGREPORT "ubuntu-devel@lists.ubuntu.com"
| #define PACKAGE_URL ""
| #define PACKAGE_COPYRIGHT "Copyright (C) 2009 Canonical Ltd."
| #define STDC_HEADERS 1
| #define HAVE_SYS_TYPES_H 1
| #define HAVE_SYS_STAT_H 1
| #define HAVE_STDLIB_H 1
| #define HAVE_STRING_H 1
| #define HAVE_MEMORY_H 1
| #define HAVE_STRINGS_H 1
| #define HAVE_INTTYPES_H 1
| #define HAVE_STDINT_H 1
| #define HAVE_UNISTD_H 1
| #define __EXTENSIONS__ 1
| #define _ALL_SOURCE 1
| #define _GNU_SOURCE 1
| #define _POSIX_PTHREAD_SEMANTICS 1
| #define _TANDEM_SOURCE 1
| #define PACKAGE "mountall"
| #define VERSION "1.0"
| #define HAVE_DLFCN_H 1
| #define LT_OBJDIR ".libs/"
| #define HAVE_VISIBILITY 1
| #define HAVE_STDINT_H_WITH_UINTMAX 1
| #define HAVE_ALLOCA_H 1
| #define HAVE_ALLOCA 1
| #define HAVE_STDLIB_H 1
| #define HAVE_UNISTD_H 1
| #define HAVE_GETPAGESIZE 1
| #define HAVE_MMAP 1
| #define INTDIV0_RAISES_SIGFPE 1
| #define HAVE_INTTYPES_H_WITH_UINTMAX 1
| #define HAVE_UNSIGNED_LONG_LONG_INT 1
| #define HAVE_UNSIGNED_LONG_LONG 1
| #define HAVE_UINTMAX_T 1
| #define HAVE_INTTYPES_H 1
| #define USE_POSIX_THREADS 1
| #define USE_POSIX_THREADS_WEAK 1
| #define HAVE_PTHREAD_RWLOCK 1
| #define HAVE_PTHREAD_MUTEX_RECURSIVE 1
| #define HAVE_BUILTIN_EXPECT 1
| #define HAVE_ARGZ_H 1
| #define HAVE_INTTYPES_H 1
| #define HAVE_LIMITS_H 1
| #define HAVE_UNISTD_H 1
| #define HAVE_SYS_PARAM_H 1
| #define HAVE_GETCWD 1
| #define HAVE_GETEGID 1
| #define HAVE_GETEUID 1
| #define HAVE_GETGID 1
| #define HAVE_GETUID 1
| #define HAVE_MEMPCPY 1
| #define HAVE_MUNMAP 1
| #define HAVE_STPCPY 1
| #define HAVE_STRCASECMP 1
| #define HAVE_STRDUP 1
| #define HAVE_STRTOUL 1
| #define HAVE_TSEARCH 1
| #define HAVE_ARGZ_COUNT 1
| #define HAVE_ARGZ_STRINGIFY 1
| #define HAVE_ARGZ_NEXT 1
| #define HAVE___FSETLOCKING 1
| #define HAVE_DECL_FEOF_UNLOCKED 1
| #define HAVE_DECL_FGETS_UNLOCKED 1
| #define HAVE_ICONV 1
| #define ICONV_CONST 
| #define HAVE_NL_LOCALE_NAME 1
| #define HAVE_LONG_LONG_INT 1
| #define HAVE_LONG_DOUBLE 1
| #define HAVE_WCHAR_T 1
| #define HAVE_WINT_T 1
| #define HAVE_INTMAX_T 1
| #define HAVE_POSIX_PRINTF 1
| #define HAVE_STDINT_H 1
| #define HAVE_STDINT_H 1
| #define HAVE_STDDEF_H 1
| #define HAVE_STDLIB_H 1
| #define HAVE_STRING_H 1
| #define HAVE_ASPRINTF 1
| #define HAVE_FWPRINTF 1
| #define HAVE_PUTENV 1
| #define HAVE_SETENV 1
| #define HAVE_SETLOCALE 1
| #define HAVE_SNPRINTF 1
| #define HAVE_WCSLEN 1
| /* end confdefs.h.  */
| #include <stdio.h>
| int
| main ()
| {
| 
| #ifndef _snprintf
|   char *p = (char *) _snprintf;
| #endif
| 
|   ;
|   return 0;
| }
configure:14352: result: no
configure:14366: checking whether _snwprintf is declared
configure:14386: gcc -c -Wall -g -fstack-protector -fPIE -Os  conftest.c >&5
conftest.c: In function 'main':
conftest.c:99: error: '_snwprintf' undeclared (first use in this function)
conftest.c:99: error: (Each undeclared identifier is reported only once
conftest.c:99: error: for each function it appears in.)
conftest.c:99: warning: unused variable 'p'
configure:14386: $? = 1
configure: failed program was:
| /* confdefs.h */
| #define PACKAGE_NAME "mountall"
| #define PACKAGE_TARNAME "mountall"
| #define PACKAGE_VERSION "1.0"
| #define PACKAGE_STRING "mountall 1.0"
| #define PACKAGE_BUGREPORT "ubuntu-devel@lists.ubuntu.com"
| #define PACKAGE_URL ""
| #define PACKAGE_COPYRIGHT "Copyright (C) 2009 Canonical Ltd."
| #define STDC_HEADERS 1
| #define HAVE_SYS_TYPES_H 1
| #define HAVE_SYS_STAT_H 1
| #define HAVE_STDLIB_H 1
| #define HAVE_STRING_H 1
| #define HAVE_MEMORY_H 1
| #define HAVE_STRINGS_H 1
| #define HAVE_INTTYPES_H 1
| #define HAVE_STDINT_H 1
| #define HAVE_UNISTD_H 1
| #define __EXTENSIONS__ 1
| #define _ALL_SOURCE 1
| #define _GNU_SOURCE 1
| #define _POSIX_PTHREAD_SEMANTICS 1
| #define _TANDEM_SOURCE 1
| #define PACKAGE "mountall"
| #define VERSION "1.0"
| #define HAVE_DLFCN_H 1
| #define LT_OBJDIR ".libs/"
| #define HAVE_VISIBILITY 1
| #define HAVE_STDINT_H_WITH_UINTMAX 1
| #define HAVE_ALLOCA_H 1
| #define HAVE_ALLOCA 1
| #define HAVE_STDLIB_H 1
| #define HAVE_UNISTD_H 1
| #define HAVE_GETPAGESIZE 1
| #define HAVE_MMAP 1
| #define INTDIV0_RAISES_SIGFPE 1
| #define HAVE_INTTYPES_H_WITH_UINTMAX 1
| #define HAVE_UNSIGNED_LONG_LONG_INT 1
| #define HAVE_UNSIGNED_LONG_LONG 1
| #define HAVE_UINTMAX_T 1
| #define HAVE_INTTYPES_H 1
| #define USE_POSIX_THREADS 1
| #define USE_POSIX_THREADS_WEAK 1
| #define HAVE_PTHREAD_RWLOCK 1
| #define HAVE_PTHREAD_MUTEX_RECURSIVE 1
| #define HAVE_BUILTIN_EXPECT 1
| #define HAVE_ARGZ_H 1
| #define HAVE_INTTYPES_H 1
| #define HAVE_LIMITS_H 1
| #define HAVE_UNISTD_H 1
| #define HAVE_SYS_PARAM_H 1
| #define HAVE_GETCWD 1
| #define HAVE_GETEGID 1
| #define HAVE_GETEUID 1
| #define HAVE_GETGID 1
| #define HAVE_GETUID 1
| #define HAVE_MEMPCPY 1
| #define HAVE_MUNMAP 1
| #define HAVE_STPCPY 1
| #define HAVE_STRCASECMP 1
| #define HAVE_STRDUP 1
| #define HAVE_STRTOUL 1
| #define HAVE_TSEARCH 1
| #define HAVE_ARGZ_COUNT 1
| #define HAVE_ARGZ_STRINGIFY 1
| #define HAVE_ARGZ_NEXT 1
| #define HAVE___FSETLOCKING 1
| #define HAVE_DECL_FEOF_UNLOCKED 1
| #define HAVE_DECL_FGETS_UNLOCKED 1
| #define HAVE_ICONV 1
| #define ICONV_CONST 
| #define HAVE_NL_LOCALE_NAME 1
| #define HAVE_LONG_LONG_INT 1
| #define HAVE_LONG_DOUBLE 1
| #define HAVE_WCHAR_T 1
| #define HAVE_WINT_T 1
| #define HAVE_INTMAX_T 1
| #define HAVE_POSIX_PRINTF 1
| #define HAVE_STDINT_H 1
| #define HAVE_STDINT_H 1
| #define HAVE_STDDEF_H 1
| #define HAVE_STDLIB_H 1
| #define HAVE_STRING_H 1
| #define HAVE_ASPRINTF 1
| #define HAVE_FWPRINTF 1
| #define HAVE_PUTENV 1
| #define HAVE_SETENV 1
| #define HAVE_SETLOCALE 1
| #define HAVE_SNPRINTF 1
| #define HAVE_WCSLEN 1
| #define HAVE_DECL__SNPRINTF 0
| /* end confdefs.h.  */
| #include <stdio.h>
| int
| main ()
| {
| 
| #ifndef _snwprintf
|   char *p = (char *) _snwprintf;
| #endif
| 
|   ;
|   return 0;
| }
configure:14393: result: no
configure:14408: checking whether getc_unlocked is declared
configure:14428: gcc -c -Wall -g -fstack-protector -fPIE -Os  conftest.c >&5
conftest.c: In function 'main':
conftest.c:100: warning: unused variable 'p'
configure:14428: $? = 0
configure:14435: result: yes
configure:14474: checking for nl_langinfo and CODESET
configure:14490: gcc -o conftest -Wall -g -fstack-protector -fPIE -Os  -Wl,-z,relro -Wl,-z,now -pie -Wl,-O1 conftest.c  >&5
configure:14490: $? = 0
configure:14499: result: yes
configure:14508: checking for LC_MESSAGES
configure:14524: gcc -o conftest -Wall -g -fstack-protector -fPIE -Os  -Wl,-z,relro -Wl,-z,now -pie -Wl,-O1 conftest.c  >&5
configure:14524: $? = 0
configure:14532: result: yes
configure:14576: checking for CFPreferencesCopyAppValue
configure:14603: result: no
configure:14610: checking for CFLocaleCopyCurrent
configure:14637: result: no
configure:14672: checking whether included gettext is requested
configure:14682: result: no
configure:14705: checking for GNU gettext in libc
configure:14725: gcc -o conftest -Wall -g -fstack-protector -fPIE -Os  -Wl,-z,relro -Wl,-z,now -pie -Wl,-O1 conftest.c  >&5
configure:14725: $? = 0
configure:14734: result: yes
configure:15255: checking whether to use NLS
configure:15257: result: yes
configure:15260: checking where the gettext function comes from
configure:15271: result: libc
configure:15407: checking for gcc
configure:15434: result: gcc
configure:15663: checking for C compiler version
configure:15672: gcc --version >&5
gcc (Ubuntu 4.4.1-4ubuntu8) 4.4.1
Copyright (C) 2009 Free Software Foundation, Inc.
This is free software; see the source for copying conditions.  There is NO
warranty; not even for MERCHANTABILITY or FITNESS FOR A PARTICULAR PURPOSE.

configure:15683: $? = 0
configure:15672: gcc -v >&5
Using built-in specs.
Target: i486-linux-gnu
Configured with: ../src/configure -v --with-pkgversion='Ubuntu 4.4.1-4ubuntu8' --with-bugurl=file:///usr/share/doc/gcc-4.4/README.Bugs --enable-languages=c,c++,fortran,objc,obj-c++ --prefix=/usr --enable-shared --enable-multiarch --enable-linker-build-id --with-system-zlib --libexecdir=/usr/lib --without-included-gettext --enable-threads=posix --with-gxx-include-dir=/usr/include/c++/4.4 --program-suffix=-4.4 --enable-nls --enable-clocale=gnu --enable-libstdcxx-debug --enable-objc-gc --enable-targets=all --disable-werror --with-arch-32=i486 --with-tune=generic --enable-checking=release --build=i486-linux-gnu --host=i486-linux-gnu --target=i486-linux-gnu
Thread model: posix
gcc version 4.4.1 (Ubuntu 4.4.1-4ubuntu8) 
configure:15683: $? = 0
configure:15672: gcc -V >&5
gcc: '-V' option must have argument
configure:15683: $? = 1
configure:15672: gcc -qversion >&5
gcc: unrecognized option '-qversion'
gcc: no input files
configure:15683: $? = 1
configure:15687: checking whether we are using the GNU C compiler
configure:15715: result: yes
configure:15724: checking whether gcc accepts -g
configure:15785: result: yes
configure:15802: checking for gcc option to accept ISO C89
configure:15879: result: none needed
configure:15900: checking whether gcc and cc understand -c and -o together
configure:15931: gcc -c conftest.c -o conftest2.o >&5
configure:15935: $? = 0
configure:15941: gcc -c conftest.c -o conftest2.o >&5
configure:15945: $? = 0
configure:15956: cc -c conftest.c >&5
configure:15960: $? = 0
configure:15968: cc -c conftest.c -o conftest2.o >&5
configure:15972: $? = 0
configure:15978: cc -c conftest.c -o conftest2.o >&5
configure:15982: $? = 0
configure:16000: result: yes
configure:16074: checking for pkg-config
configure:16092: found /usr/bin/pkg-config
configure:16104: result: /usr/bin/pkg-config
configure:16129: checking pkg-config is at least version 0.9.0
configure:16132: result: yes
configure:16204: checking for pkg-config
configure:16234: result: /usr/bin/pkg-config
configure:16259: checking pkg-config is at least version 0.22
configure:16262: result: yes
configure:16278: checking for DBUS
configure:16286: $PKG_CONFIG --exists --print-errors "dbus-1 >= 1.2.16"
configure:16289: $? = 0
configure:16304: $PKG_CONFIG --exists --print-errors "dbus-1 >= 1.2.16"
configure:16307: $? = 0
configure:16362: result: yes
configure:16366: checking for XML_ParserCreate in -lexpat
configure:16391: gcc -o conftest -Wall -g -fstack-protector -fPIE -Os  -Wl,-z,relro -Wl,-z,now -pie -Wl,-O1 conftest.c -lexpat   >&5
configure:16391: $? = 0
configure:16400: result: yes
configure:16403: checking for XML_StopParser in -lexpat
configure:16428: gcc -o conftest -Wall -g -fstack-protector -fPIE -Os  -Wl,-z,relro -Wl,-z,now -pie -Wl,-O1 conftest.c -lexpat   >&5
configure:16428: $? = 0
configure:16437: result: yes
configure:16681: checking valgrind/valgrind.h usability
configure:16681: gcc -c -Wall -g -fstack-protector -fPIE -Os  conftest.c >&5
configure:16681: $? = 0
configure:16681: result: yes
configure:16681: checking valgrind/valgrind.h presence
configure:16681: gcc -E  conftest.c
configure:16681: $? = 0
configure:16681: result: yes
configure:16681: checking for valgrind/valgrind.h
configure:16681: result: yes
configure:16693: checking for gcc option to accept ISO C99
configure:16842: gcc  -c -Wall -g -fstack-protector -fPIE -Os  conftest.c >&5
conftest.c:151: error: expected ';', ',' or ')' before 'text'
conftest.c: In function 'main':
conftest.c:203: warning: implicit declaration of function 'test_restrict'
conftest.c:205: error: expected '=', ',', ';', 'asm' or '__attribute__' before 'newvar'
conftest.c:205: error: 'newvar' undeclared (first use in this function)
conftest.c:205: error: (Each undeclared identifier is reported only once
conftest.c:205: error: for each function it appears in.)
conftest.c:215: error: 'for' loop initial declarations are only allowed in C99 mode
conftest.c:215: note: use option -std=c99 or -std=gnu99 to compile your code
configure:16842: $? = 1
configure: failed program was:
| /* confdefs.h */
| #define PACKAGE_NAME "mountall"
| #define PACKAGE_TARNAME "mountall"
| #define PACKAGE_VERSION "1.0"
| #define PACKAGE_STRING "mountall 1.0"
| #define PACKAGE_BUGREPORT "ubuntu-devel@lists.ubuntu.com"
| #define PACKAGE_URL ""
| #define PACKAGE_COPYRIGHT "Copyright (C) 2009 Canonical Ltd."
| #define STDC_HEADERS 1
| #define HAVE_SYS_TYPES_H 1
| #define HAVE_SYS_STAT_H 1
| #define HAVE_STDLIB_H 1
| #define HAVE_STRING_H 1
| #define HAVE_MEMORY_H 1
| #define HAVE_STRINGS_H 1
| #define HAVE_INTTYPES_H 1
| #define HAVE_STDINT_H 1
| #define HAVE_UNISTD_H 1
| #define __EXTENSIONS__ 1
| #define _ALL_SOURCE 1
| #define _GNU_SOURCE 1
| #define _POSIX_PTHREAD_SEMANTICS 1
| #define _TANDEM_SOURCE 1
| #define PACKAGE "mountall"
| #define VERSION "1.0"
| #define HAVE_DLFCN_H 1
| #define LT_OBJDIR ".libs/"
| #define HAVE_VISIBILITY 1
| #define HAVE_STDINT_H_WITH_UINTMAX 1
| #define HAVE_ALLOCA_H 1
| #define HAVE_ALLOCA 1
| #define HAVE_STDLIB_H 1
| #define HAVE_UNISTD_H 1
| #define HAVE_GETPAGESIZE 1
| #define HAVE_MMAP 1
| #define INTDIV0_RAISES_SIGFPE 1
| #define HAVE_INTTYPES_H_WITH_UINTMAX 1
| #define HAVE_UNSIGNED_LONG_LONG_INT 1
| #define HAVE_UNSIGNED_LONG_LONG 1
| #define HAVE_UINTMAX_T 1
| #define HAVE_INTTYPES_H 1
| #define USE_POSIX_THREADS 1
| #define USE_POSIX_THREADS_WEAK 1
| #define HAVE_PTHREAD_RWLOCK 1
| #define HAVE_PTHREAD_MUTEX_RECURSIVE 1
| #define HAVE_BUILTIN_EXPECT 1
| #define HAVE_ARGZ_H 1
| #define HAVE_INTTYPES_H 1
| #define HAVE_LIMITS_H 1
| #define HAVE_UNISTD_H 1
| #define HAVE_SYS_PARAM_H 1
| #define HAVE_GETCWD 1
| #define HAVE_GETEGID 1
| #define HAVE_GETEUID 1
| #define HAVE_GETGID 1
| #define HAVE_GETUID 1
| #define HAVE_MEMPCPY 1
| #define HAVE_MUNMAP 1
| #define HAVE_STPCPY 1
| #define HAVE_STRCASECMP 1
| #define HAVE_STRDUP 1
| #define HAVE_STRTOUL 1
| #define HAVE_TSEARCH 1
| #define HAVE_ARGZ_COUNT 1
| #define HAVE_ARGZ_STRINGIFY 1
| #define HAVE_ARGZ_NEXT 1
| #define HAVE___FSETLOCKING 1
| #define HAVE_DECL_FEOF_UNLOCKED 1
| #define HAVE_DECL_FGETS_UNLOCKED 1
| #define HAVE_ICONV 1
| #define ICONV_CONST 
| #define HAVE_NL_LOCALE_NAME 1
| #define HAVE_LONG_LONG_INT 1
| #define HAVE_LONG_DOUBLE 1
| #define HAVE_WCHAR_T 1
| #define HAVE_WINT_T 1
| #define HAVE_INTMAX_T 1
| #define HAVE_POSIX_PRINTF 1
| #define HAVE_STDINT_H 1
| #define HAVE_STDINT_H 1
| #define HAVE_STDDEF_H 1
| #define HAVE_STDLIB_H 1
| #define HAVE_STRING_H 1
| #define HAVE_ASPRINTF 1
| #define HAVE_FWPRINTF 1
| #define HAVE_PUTENV 1
| #define HAVE_SETENV 1
| #define HAVE_SETLOCALE 1
| #define HAVE_SNPRINTF 1
| #define HAVE_WCSLEN 1
| #define HAVE_DECL__SNPRINTF 0
| #define HAVE_DECL__SNWPRINTF 0
| #define HAVE_DECL_GETC_UNLOCKED 1
| #define HAVE_LANGINFO_CODESET 1
| #define HAVE_LC_MESSAGES 1
| #define ENABLE_NLS 1
| #define HAVE_GETTEXT 1
| #define HAVE_DCGETTEXT 1
| #define HAVE_VALGRIND_VALGRIND_H 1
| /* end confdefs.h.  */
| #include <stdarg.h>
| #include <stdbool.h>
| #include <stdlib.h>
| #include <wchar.h>
| #include <stdio.h>
| 
| // Check varargs macros.  These examples are taken from C99 6.10.3.5.
| #define debug(...) fprintf (stderr, __VA_ARGS__)
| #define showlist(...) puts (#__VA_ARGS__)
| #define report(test,...) ((test) ? puts (#test) : printf (__VA_ARGS__))
| static void
| test_varargs_macros (void)
| {
|   int x = 1234;
|   int y = 5678;
|   debug ("Flag");
|   debug ("X = %d\n", x);
|   showlist (The first, second, and third items.);
|   report (x>y, "x is %d but y is %d", x, y);
| }
| 
| // Check long long types.
| #define BIG64 18446744073709551615ull
| #define BIG32 4294967295ul
| #define BIG_OK (BIG64 / BIG32 == 4294967297ull && BIG64 % BIG32 == 0)
| #if !BIG_OK
|   your preprocessor is broken;
| #endif
| #if BIG_OK
| #else
|   your preprocessor is broken;
| #endif
| static long long int bignum = -9223372036854775807LL;
| static unsigned long long int ubignum = BIG64;
| 
| struct incomplete_array
| {
|   int datasize;
|   double data[];
| };
| 
| struct named_init {
|   int number;
|   const wchar_t *name;
|   double average;
| };
| 
| typedef const char *ccp;
| 
| static inline int
| test_restrict (ccp restrict text)
| {
|   // See if C++-style comments work.
|   // Iterate through items via the restricted pointer.
|   // Also check for declarations in for loops.
|   for (unsigned int i = 0; *(text+i) != '\0'; ++i)
|     continue;
|   return 0;
| }
| 
| // Check varargs and va_copy.
| static void
| test_varargs (const char *format, ...)
| {
|   va_list args;
|   va_start (args, format);
|   va_list args_copy;
|   va_copy (args_copy, args);
| 
|   const char *str;
|   int number;
|   float fnumber;
| 
|   while (*format)
|     {
|       switch (*format++)
| 	{
| 	case 's': // string
| 	  str = va_arg (args_copy, const char *);
| 	  break;
| 	case 'd': // int
| 	  number = va_arg (args_copy, int);
| 	  break;
| 	case 'f': // float
| 	  fnumber = va_arg (args_copy, double);
| 	  break;
| 	default:
| 	  break;
| 	}
|     }
|   va_end (args_copy);
|   va_end (args);
| }
| 
| int
| main ()
| {
| 
|   // Check bool.
|   _Bool success = false;
| 
|   // Check restrict.
|   if (test_restrict ("String literal") == 0)
|     success = true;
|   char *restrict newvar = "Another string";
| 
|   // Check varargs.
|   test_varargs ("s, d' f .", "string", 65, 34.234);
|   test_varargs_macros ();
| 
|   // Check flexible array members.
|   struct incomplete_array *ia =
|     malloc (sizeof (struct incomplete_array) + (sizeof (double) * 10));
|   ia->datasize = 10;
|   for (int i = 0; i < ia->datasize; ++i)
|     ia->data[i] = i * 1.234;
| 
|   // Check named initializers.
|   struct named_init ni = {
|     .number = 34,
|     .name = L"Test wide string",
|     .average = 543.34343,
|   };
| 
|   ni.number = 58;
| 
|   int dynamic_array[ni.number];
|   dynamic_array[ni.number - 1] = 543;
| 
|   // work around unused variable warnings
|   return (!success || bignum == 0LL || ubignum == 0uLL || newvar[0] == 'x'
| 	  || dynamic_array[ni.number - 1] != 543);
| 
|   ;
|   return 0;
| }
configure:16842: gcc -std=gnu99 -c -Wall -g -fstack-protector -fPIE -Os  conftest.c >&5
configure:16842: $? = 0
configure:16862: result: -std=gnu99
configure:16974: checking for linker version script argument
configure:17002: gcc -std=gnu99 -o conftest -Wall -g -fstack-protector -fPIE -Os  -Wl,-z,relro -Wl,-z,now -pie -Wl,-O1 conftest.c  -Wl,--version-script=conftest.ver >&5
configure:17002: $? = 0
configure:17017: result: -Wl,--version-script
configure:17044: checking for special C compiler options needed for large files
configure:17089: result: no
configure:17095: checking for _FILE_OFFSET_BITS value needed for large files
configure:17120: gcc -std=gnu99 -c -Wall -g -fstack-protector -fPIE -Os  conftest.c >&5
conftest.c:108: warning: left shift count >= width of type
conftest.c:108: warning: left shift count >= width of type
conftest.c:110: error: size of array 'off_t_is_large' is negative
configure:17120: $? = 1
configure: failed program was:
| /* confdefs.h */
| #define PACKAGE_NAME "mountall"
| #define PACKAGE_TARNAME "mountall"
| #define PACKAGE_VERSION "1.0"
| #define PACKAGE_STRING "mountall 1.0"
| #define PACKAGE_BUGREPORT "ubuntu-devel@lists.ubuntu.com"
| #define PACKAGE_URL ""
| #define PACKAGE_COPYRIGHT "Copyright (C) 2009 Canonical Ltd."
| #define STDC_HEADERS 1
| #define HAVE_SYS_TYPES_H 1
| #define HAVE_SYS_STAT_H 1
| #define HAVE_STDLIB_H 1
| #define HAVE_STRING_H 1
| #define HAVE_MEMORY_H 1
| #define HAVE_STRINGS_H 1
| #define HAVE_INTTYPES_H 1
| #define HAVE_STDINT_H 1
| #define HAVE_UNISTD_H 1
| #define __EXTENSIONS__ 1
| #define _ALL_SOURCE 1
| #define _GNU_SOURCE 1
| #define _POSIX_PTHREAD_SEMANTICS 1
| #define _TANDEM_SOURCE 1
| #define PACKAGE "mountall"
| #define VERSION "1.0"
| #define HAVE_DLFCN_H 1
| #define LT_OBJDIR ".libs/"
| #define HAVE_VISIBILITY 1
| #define HAVE_STDINT_H_WITH_UINTMAX 1
| #define HAVE_ALLOCA_H 1
| #define HAVE_ALLOCA 1
| #define HAVE_STDLIB_H 1
| #define HAVE_UNISTD_H 1
| #define HAVE_GETPAGESIZE 1
| #define HAVE_MMAP 1
| #define INTDIV0_RAISES_SIGFPE 1
| #define HAVE_INTTYPES_H_WITH_UINTMAX 1
| #define HAVE_UNSIGNED_LONG_LONG_INT 1
| #define HAVE_UNSIGNED_LONG_LONG 1
| #define HAVE_UINTMAX_T 1
| #define HAVE_INTTYPES_H 1
| #define USE_POSIX_THREADS 1
| #define USE_POSIX_THREADS_WEAK 1
| #define HAVE_PTHREAD_RWLOCK 1
| #define HAVE_PTHREAD_MUTEX_RECURSIVE 1
| #define HAVE_BUILTIN_EXPECT 1
| #define HAVE_ARGZ_H 1
| #define HAVE_INTTYPES_H 1
| #define HAVE_LIMITS_H 1
| #define HAVE_UNISTD_H 1
| #define HAVE_SYS_PARAM_H 1
| #define HAVE_GETCWD 1
| #define HAVE_GETEGID 1
| #define HAVE_GETEUID 1
| #define HAVE_GETGID 1
| #define HAVE_GETUID 1
| #define HAVE_MEMPCPY 1
| #define HAVE_MUNMAP 1
| #define HAVE_STPCPY 1
| #define HAVE_STRCASECMP 1
| #define HAVE_STRDUP 1
| #define HAVE_STRTOUL 1
| #define HAVE_TSEARCH 1
| #define HAVE_ARGZ_COUNT 1
| #define HAVE_ARGZ_STRINGIFY 1
| #define HAVE_ARGZ_NEXT 1
| #define HAVE___FSETLOCKING 1
| #define HAVE_DECL_FEOF_UNLOCKED 1
| #define HAVE_DECL_FGETS_UNLOCKED 1
| #define HAVE_ICONV 1
| #define ICONV_CONST 
| #define HAVE_NL_LOCALE_NAME 1
| #define HAVE_LONG_LONG_INT 1
| #define HAVE_LONG_DOUBLE 1
| #define HAVE_WCHAR_T 1
| #define HAVE_WINT_T 1
| #define HAVE_INTMAX_T 1
| #define HAVE_POSIX_PRINTF 1
| #define HAVE_STDINT_H 1
| #define HAVE_STDINT_H 1
| #define HAVE_STDDEF_H 1
| #define HAVE_STDLIB_H 1
| #define HAVE_STRING_H 1
| #define HAVE_ASPRINTF 1
| #define HAVE_FWPRINTF 1
| #define HAVE_PUTENV 1
| #define HAVE_SETENV 1
| #define HAVE_SETLOCALE 1
| #define HAVE_SNPRINTF 1
| #define HAVE_WCSLEN 1
| #define HAVE_DECL__SNPRINTF 0
| #define HAVE_DECL__SNWPRINTF 0
| #define HAVE_DECL_GETC_UNLOCKED 1
| #define HAVE_LANGINFO_CODESET 1
| #define HAVE_LC_MESSAGES 1
| #define ENABLE_NLS 1
| #define HAVE_GETTEXT 1
| #define HAVE_DCGETTEXT 1
| #define HAVE_VALGRIND_VALGRIND_H 1
| #define __thread /**/
| /* end confdefs.h.  */
| #include <sys/types.h>
|  /* Check that off_t can represent 2**63 - 1 correctly.
|     We can't simply define LARGE_OFF_T to be 9223372036854775807,
|     since some C++ compilers masquerading as C compilers
|     incorrectly reject 9223372036854775807.  */
| #define LARGE_OFF_T (((off_t) 1 << 62) - 1 + ((off_t) 1 << 62))
|   int off_t_is_large[(LARGE_OFF_T % 2147483629 == 721
| 		       && LARGE_OFF_T % 2147483647 == 1)
| 		      ? 1 : -1];
| int
| main ()
| {
| 
|   ;
|   return 0;
| }
configure:17144: gcc -std=gnu99 -c -Wall -g -fstack-protector -fPIE -Os  conftest.c >&5
configure:17144: $? = 0
configure:17152: result: 64
configure:17241: checking for UDEV
configure:17249: $PKG_CONFIG --exists --print-errors "libudev >= 146"
configure:17252: $? = 0
configure:17267: $PKG_CONFIG --exists --print-errors "libudev >= 146"
configure:17270: $? = 0
configure:17325: result: yes
configure:17465: creating ./config.status

## ---------------------- ##
## Running config.status. ##
## ---------------------- ##

This file was extended by mountall config.status 1.0, which was
generated by GNU Autoconf 2.64.  Invocation command line was

  CONFIG_FILES    = 
  CONFIG_HEADERS  = 
  CONFIG_LINKS    = 
  CONFIG_COMMANDS = 
  $ ./config.status 

on wing-commander

config.status:1212: creating Makefile
config.status:1212: creating m4/Makefile
config.status:1212: creating intl/Makefile
config.status:1212: creating nih/Makefile
config.status:1212: creating nih-dbus/Makefile
config.status:1212: creating nih-dbus-tool/Makefile
config.status:1212: creating dbus/Makefile
config.status:1212: creating src/Makefile
config.status:1212: creating conf/Makefile
config.status:1212: creating man/Makefile
config.status:1212: creating po/Makefile.in
config.status:1212: creating config.h
config.status:1384: config.h is unchanged
config.status:1432: executing depfiles commands
config.status:1432: executing libtool commands
config.status:1432: executing po-directories commands

## ---------------- ##
## Cache variables. ##
## ---------------- ##

ac_cv_build=i486-pc-linux-gnu
ac_cv_c_compiler_gnu=yes
ac_cv_c_inline=inline
ac_cv_env_CC_set=
ac_cv_env_CC_value=
ac_cv_env_CFLAGS_set=set
ac_cv_env_CFLAGS_value='-Wall -g -fstack-protector -fPIE -Os'
ac_cv_env_CPPFLAGS_set=set
ac_cv_env_CPPFLAGS_value=
ac_cv_env_CPP_set=
ac_cv_env_CPP_value=
ac_cv_env_DBUS_CFLAGS_set=
ac_cv_env_DBUS_CFLAGS_value=
ac_cv_env_DBUS_LIBS_set=
ac_cv_env_DBUS_LIBS_value=
ac_cv_env_LDFLAGS_set=set
ac_cv_env_LDFLAGS_value='-Wl,-z,relro -Wl,-z,now -pie -Wl,-O1'
ac_cv_env_LIBS_set=
ac_cv_env_LIBS_value=
ac_cv_env_NIH_DBUS_TOOL_set=
ac_cv_env_NIH_DBUS_TOOL_value=
ac_cv_env_PKG_CONFIG_set=
ac_cv_env_PKG_CONFIG_value=
ac_cv_env_UDEV_CFLAGS_set=
ac_cv_env_UDEV_CFLAGS_value=
ac_cv_env_UDEV_LIBS_set=
ac_cv_env_UDEV_LIBS_value=
ac_cv_env_build_alias_set=set
ac_cv_env_build_alias_value=i486-linux-gnu
ac_cv_env_host_alias_set=
ac_cv_env_host_alias_value=
ac_cv_env_target_alias_set=
ac_cv_env_target_alias_value=
ac_cv_func___fsetlocking=yes
ac_cv_func_alloca_works=yes
ac_cv_func_argz_count=yes
ac_cv_func_argz_next=yes
ac_cv_func_argz_stringify=yes
ac_cv_func_asprintf=yes
ac_cv_func_fwprintf=yes
ac_cv_func_getcwd=yes
ac_cv_func_getegid=yes
ac_cv_func_geteuid=yes
ac_cv_func_getgid=yes
ac_cv_func_getpagesize=yes
ac_cv_func_getuid=yes
ac_cv_func_mempcpy=yes
ac_cv_func_mmap_fixed_mapped=yes
ac_cv_func_munmap=yes
ac_cv_func_putenv=yes
ac_cv_func_setenv=yes
ac_cv_func_setlocale=yes
ac_cv_func_snprintf=yes
ac_cv_func_stpcpy=yes
ac_cv_func_strcasecmp=yes
ac_cv_func_strdup=yes
ac_cv_func_strtoul=yes
ac_cv_func_tsearch=yes
ac_cv_func_wcslen=yes
ac_cv_gnu_library_2=yes
ac_cv_gnu_library_2_1=yes
ac_cv_have_decl__snprintf=no
ac_cv_have_decl__snwprintf=no
ac_cv_have_decl_feof_unlocked=yes
ac_cv_have_decl_fgets_unlocked=yes
ac_cv_have_decl_getc_unlocked=yes
ac_cv_header_argz_h=yes
ac_cv_header_dlfcn_h=yes
ac_cv_header_inttypes_h=yes
ac_cv_header_limits_h=yes
ac_cv_header_memory_h=yes
ac_cv_header_minix_config_h=no
ac_cv_header_pthread_h=yes
ac_cv_header_stdc=yes
ac_cv_header_stddef_h=yes
ac_cv_header_stdint_h=yes
ac_cv_header_stdlib_h=yes
ac_cv_header_string_h=yes
ac_cv_header_strings_h=yes
ac_cv_header_sys_param_h=yes
ac_cv_header_sys_stat_h=yes
ac_cv_header_sys_types_h=yes
ac_cv_header_unistd_h=yes
ac_cv_header_valgrind_valgrind_h=yes
ac_cv_host=i486-pc-linux-gnu
ac_cv_lib_expat_XML_ParserCreate=yes
ac_cv_lib_expat_XML_StopParser=yes
ac_cv_lib_pthread_pthread_kill=yes
ac_cv_objext=o
ac_cv_path_EGREP='/bin/grep -E'
ac_cv_path_FGREP='/bin/grep -F'
ac_cv_path_GMSGFMT=/usr/bin/msgfmt
ac_cv_path_GREP=/bin/grep
ac_cv_path_MSGFMT=/usr/bin/msgfmt
ac_cv_path_MSGMERGE=/usr/bin/msgmerge
ac_cv_path_SED=/bin/sed
ac_cv_path_XGETTEXT=/usr/bin/xgettext
ac_cv_path_ac_pt_PKG_CONFIG=/usr/bin/pkg-config
ac_cv_path_install='/usr/bin/install -c'
ac_cv_path_mkdir=/bin/mkdir
ac_cv_prog_AWK=mawk
ac_cv_prog_CPP='gcc -E'
ac_cv_prog_INTLBISON=bison
ac_cv_prog_ac_ct_AR=ar
ac_cv_prog_ac_ct_CC=gcc
ac_cv_prog_ac_ct_OBJDUMP=objdump
ac_cv_prog_ac_ct_RANLIB=ranlib
ac_cv_prog_ac_ct_STRIP=strip
ac_cv_prog_cc_c89=
ac_cv_prog_cc_c99=-std=gnu99
ac_cv_prog_cc_g=yes
ac_cv_prog_cc_gcc_c_o=yes
ac_cv_prog_make_make_set=yes
ac_cv_safe_to_define___extensions__=yes
ac_cv_sys_file_offset_bits=64
ac_cv_sys_largefile_CC=no
ac_cv_type_long_long_int=yes
ac_cv_type_pthread_rwlock_t=yes
ac_cv_type_ptrdiff_t=yes
ac_cv_type_size_t=yes
ac_cv_type_unsigned_long_long=yes
ac_cv_type_unsigned_long_long_int=yes
ac_cv_working_alloca_h=yes
acl_cv_hardcode_direct=no
acl_cv_hardcode_libdir_flag_spec='${wl}-rpath ${wl}$libdir'
acl_cv_hardcode_libdir_separator=
acl_cv_hardcode_minus_L=no
acl_cv_libext=a
acl_cv_path_LD=/usr/bin/ld
acl_cv_prog_gnu_ld=yes
acl_cv_rpath=done
acl_cv_shlibext=so
acl_cv_wl=-Wl,
am_cv_CC_dependencies_compiler_type=gcc3
am_cv_func_iconv=yes
am_cv_langinfo_codeset=yes
am_cv_lib_iconv=no
am_cv_proto_iconv='extern size_t iconv (iconv_t cd, char * *inbuf, size_t *inbytesleft, char * *outbuf, size_t *outbytesleft);'
am_cv_proto_iconv_arg1=
gl_cv_cc_visibility=yes
gl_cv_header_inttypes_h=yes
gl_cv_header_stdint_h=yes
gl_cv_size_max=yes
gt_cv_c_intmax_t=yes
gt_cv_c_long_double=yes
gt_cv_c_wchar_t=yes
gt_cv_c_wint_t=yes
gt_cv_func_CFLocaleCopyCurrent=no
gt_cv_func_CFPreferencesCopyAppValue=no
gt_cv_func_gnugettext1_libc=yes
gt_cv_func_printf_posix=yes
gt_cv_int_divbyzero_sigfpe=yes
gt_cv_inttypes_pri_broken=no
gt_cv_nl_locale_name=yes
gt_cv_val_LC_MESSAGES=yes
lt_cv_deplibs_check_method=pass_all
lt_cv_file_magic_cmd='$MAGIC_CMD'
lt_cv_file_magic_test_file=
lt_cv_ld_reload_flag=-r
lt_cv_nm_interface='BSD nm'
lt_cv_objdir=.libs
lt_cv_path_LD=/usr/bin/ld
lt_cv_path_NM='/usr/bin/nm -B'
lt_cv_prog_compiler_c_o=yes
lt_cv_prog_compiler_pic_works=yes
lt_cv_prog_compiler_rtti_exceptions=no
lt_cv_prog_compiler_static_works=yes
lt_cv_prog_gnu_ld=yes
lt_cv_sys_global_symbol_pipe='sed -n -e '\''s/^.*[	 ]\([ABCDGIRSTW][ABCDGIRSTW]*\)[	 ][	 ]*\([_A-Za-z][_A-Za-z0-9]*\)$/\1 \2 \2/p'\'''
lt_cv_sys_global_symbol_to_c_name_address='sed -n -e '\''s/^: \([^ ]*\) $/  {\"\1\", (void *) 0},/p'\'' -e '\''s/^[ABCDGIRSTW]* \([^ ]*\) \([^ ]*\)$/  {"\2", (void *) \&\2},/p'\'''
lt_cv_sys_global_symbol_to_c_name_address_lib_prefix='sed -n -e '\''s/^: \([^ ]*\) $/  {\"\1\", (void *) 0},/p'\'' -e '\''s/^[ABCDGIRSTW]* \([^ ]*\) \(lib[^ ]*\)$/  {"\2", (void *) \&\2},/p'\'' -e '\''s/^[ABCDGIRSTW]* \([^ ]*\) \([^ ]*\)$/  {"lib\2", (void *) \&\2},/p'\'''
lt_cv_sys_global_symbol_to_cdecl='sed -n -e '\''s/^T .* \(.*\)$/extern int \1();/p'\'' -e '\''s/^[ABCDGIRSTW]* .* \(.*\)$/extern char \1;/p'\'''
lt_cv_sys_max_cmd_len=805306365
nih_cv_version_script=-Wl,--version-script
nls_cv_force_use_gnu_gettext=no
nls_cv_header_intl=
nls_cv_header_libgt=
nls_cv_use_gnu_gettext=no
pkg_cv_DBUS_CFLAGS='-I/usr/include/dbus-1.0 -I/usr/lib/dbus-1.0/include  '
pkg_cv_DBUS_LIBS='-L/lib -ldbus-1 -lpthread -lrt  '
pkg_cv_UDEV_CFLAGS=' '
pkg_cv_UDEV_LIBS='-ludev  '

## ----------------- ##
## Output variables. ##
## ----------------- ##

ACLOCAL='${SHELL} /home/scott/work/mountall/mountall/missing --run aclocal-1.11'
ALLOCA=''
AMDEPBACKSLASH='\'
AMDEP_FALSE='#'
AMDEP_TRUE=''
AMTAR='${SHELL} /home/scott/work/mountall/mountall/missing --run tar'
AR='ar'
AUTOCONF='${SHELL} /home/scott/work/mountall/mountall/missing --run autoconf'
AUTOHEADER='${SHELL} /home/scott/work/mountall/mountall/missing --run autoheader'
AUTOMAKE='${SHELL} /home/scott/work/mountall/mountall/missing --run automake-1.11'
AWK='mawk'
BUILD_INCLUDED_LIBINTL='no'
CATOBJEXT='.gmo'
CC='gcc -std=gnu99'
CCDEPMODE='depmode=gcc3'
CFLAGS='-Wall -g -fstack-protector -fPIE -Os'
CFLAG_VISIBILITY='-fvisibility=hidden'
CPP='gcc -E'
CPPFLAGS=''
CYGPATH_W='echo'
DATADIRNAME='share'
DBUS_CFLAGS='-I/usr/include/dbus-1.0 -I/usr/lib/dbus-1.0/include  '
DBUS_LIBS='-L/lib -ldbus-1 -lpthread -lrt  '
DEFS='-DHAVE_CONFIG_H'
DEPDIR='.deps'
DSYMUTIL=''
DUMPBIN=''
ECHO_C=''
ECHO_N='-n'
ECHO_T=''
EGREP='/bin/grep -E'
EXEEXT=''
EXPAT_LIBS='-lexpat'
FGREP='/bin/grep -F'
GENCAT='gencat'
GLIBC21='yes'
GLIBC2='yes'
GMSGFMT='/usr/bin/msgfmt'
GMSGFMT_015='/usr/bin/msgfmt'
GREP='/bin/grep'
HAVE_ASPRINTF='1'
HAVE_DBUS_FALSE='#'
HAVE_DBUS_TRUE=''
HAVE_POSIX_PRINTF='1'
HAVE_SNPRINTF='1'
HAVE_VERSION_SCRIPT_ARG_FALSE='#'
HAVE_VERSION_SCRIPT_ARG_TRUE=''
HAVE_VISIBILITY='1'
HAVE_WPRINTF='0'
INSTALL_DATA='${INSTALL} -m 644'
INSTALL_NIH_FALSE=''
INSTALL_NIH_TRUE='#'
INSTALL_PROGRAM='${INSTALL}'
INSTALL_SCRIPT='${INSTALL}'
INSTALL_STRIP_PROGRAM='$(install_sh) -c -s'
INSTOBJEXT='.mo'
INTLBISON='bison'
INTLLIBS=''
INTLOBJS=''
INTL_LIBTOOL_SUFFIX_PREFIX=''
INTL_MACOSX_LIBS=''
LD='/usr/bin/ld'
LDFLAGS='-Wl,-z,relro -Wl,-z,now -pie -Wl,-O1'
LIBICONV=''
LIBINTL=''
LIBMULTITHREAD='-lpthread'
LIBOBJS=''
LIBPTH=''
LIBS=''
LIBTHREAD=''
LIBTOOL='$(SHELL) $(top_builddir)/libtool'
LIPO=''
LN_S='ln -s'
LTLIBICONV=''
LTLIBINTL=''
LTLIBMULTITHREAD='-lpthread'
LTLIBOBJS=''
LTLIBPTH=''
LTLIBTHREAD=''
MAKEINFO='${SHELL} /home/scott/work/mountall/mountall/missing --run makeinfo'
MKDIR_P='/bin/mkdir -p'
MSGFMT='/usr/bin/msgfmt'
MSGFMT_015='/usr/bin/msgfmt'
MSGMERGE='/usr/bin/msgmerge'
NIH_DBUS_TOOL='${top_builddir}/nih-dbus-tool/nih-dbus-tool'
NM='/usr/bin/nm -B'
NMEDIT=''
OBJDUMP='objdump'
OBJEXT='o'
OTOOL64=''
OTOOL=''
PACKAGE='mountall'
PACKAGE_BUGREPORT='ubuntu-devel@lists.ubuntu.com'
PACKAGE_COPYRIGHT='Copyright  2009 Canonical Ltd.'
PACKAGE_NAME='mountall'
PACKAGE_STRING='mountall 1.0'
PACKAGE_TARNAME='mountall'
PACKAGE_URL=''
PACKAGE_VERSION='1.0'
PATH_SEPARATOR=':'
PKG_CONFIG='/usr/bin/pkg-config'
POSUB='po'
PRI_MACROS_BROKEN='0'
RANLIB='ranlib'
SED='/bin/sed'
SET_MAKE=''
SHELL='/bin/bash'
STRIP='strip'
UDEV_CFLAGS=' '
UDEV_LIBS='-ludev  '
USE_INCLUDED_LIBINTL='no'
USE_NLS='yes'
VERSION='1.0'
VERSION_SCRIPT_ARG='-Wl,--version-script'
WOE32DLL='no'
XGETTEXT='/usr/bin/xgettext'
XGETTEXT_015='/usr/bin/xgettext'
ac_ct_CC='gcc'
ac_ct_DUMPBIN=''
am__EXEEXT_FALSE=''
am__EXEEXT_TRUE='#'
am__fastdepCC_FALSE='#'
am__fastdepCC_TRUE=''
am__include='include'
am__isrc=''
am__leading_dot='.'
am__quote=''
am__tar='${AMTAR} chof - "$$tardir"'
am__untar='${AMTAR} xf -'
bindir='${exec_prefix}/bin'
build='i486-pc-linux-gnu'
build_alias='i486-linux-gnu'
build_cpu='i486'
build_os='linux-gnu'
build_vendor='pc'
datadir='${datarootdir}'
datarootdir='${prefix}/share'
docdir='${datarootdir}/doc/${PACKAGE_TARNAME}'
dvidir='${docdir}'
exec_prefix=''
host='i486-pc-linux-gnu'
host_alias=''
host_cpu='i486'
host_os='linux-gnu'
host_vendor='pc'
htmldir='${docdir}'
includedir='${prefix}/include'
infodir='${datarootdir}/info'
install_sh='${SHELL} /home/scott/work/mountall/mountall/install-sh'
libdir='${exec_prefix}/lib'
libexecdir='${exec_prefix}/libexec'
localedir='${datarootdir}/locale'
localstatedir='/var/lib'
lt_ECHO='echo'
mandir='${datarootdir}/man'
mkdir_p='/bin/mkdir -p'
oldincludedir='/usr/include'
pdfdir='${docdir}'
prefix='/usr'
program_transform_name='s,x,x,'
psdir='${docdir}'
sbindir='${exec_prefix}/sbin'
sharedstatedir='${prefix}/com'
sysconfdir='/etc'
target_alias=''

## ----------- ##
## confdefs.h. ##
## ----------- ##

/* confdefs.h */
#define PACKAGE_NAME "mountall"
#define PACKAGE_TARNAME "mountall"
#define PACKAGE_VERSION "1.0"
#define PACKAGE_STRING "mountall 1.0"
#define PACKAGE_BUGREPORT "ubuntu-devel@lists.ubuntu.com"
#define PACKAGE_URL ""
#define PACKAGE_COPYRIGHT "Copyright (C) 2009 Canonical Ltd."
#define STDC_HEADERS 1
#define HAVE_SYS_TYPES_H 1
#define HAVE_SYS_STAT_H 1
#define HAVE_STDLIB_H 1
#define HAVE_STRING_H 1
#define HAVE_MEMORY_H 1
#define HAVE_STRINGS_H 1
#define HAVE_INTTYPES_H 1
#define HAVE_STDINT_H 1
#define HAVE_UNISTD_H 1
#define __EXTENSIONS__ 1
#define _ALL_SOURCE 1
#define _GNU_SOURCE 1
#define _POSIX_PTHREAD_SEMANTICS 1
#define _TANDEM_SOURCE 1
#define PACKAGE "mountall"
#define VERSION "1.0"
#define HAVE_DLFCN_H 1
#define LT_OBJDIR ".libs/"
#define HAVE_VISIBILITY 1
#define HAVE_STDINT_H_WITH_UINTMAX 1
#define HAVE_ALLOCA_H 1
#define HAVE_ALLOCA 1
#define HAVE_STDLIB_H 1
#define HAVE_UNISTD_H 1
#define HAVE_GETPAGESIZE 1
#define HAVE_MMAP 1
#define INTDIV0_RAISES_SIGFPE 1
#define HAVE_INTTYPES_H_WITH_UINTMAX 1
#define HAVE_UNSIGNED_LONG_LONG_INT 1
#define HAVE_UNSIGNED_LONG_LONG 1
#define HAVE_UINTMAX_T 1
#define HAVE_INTTYPES_H 1
#define USE_POSIX_THREADS 1
#define USE_POSIX_THREADS_WEAK 1
#define HAVE_PTHREAD_RWLOCK 1
#define HAVE_PTHREAD_MUTEX_RECURSIVE 1
#define HAVE_BUILTIN_EXPECT 1
#define HAVE_ARGZ_H 1
#define HAVE_INTTYPES_H 1
#define HAVE_LIMITS_H 1
#define HAVE_UNISTD_H 1
#define HAVE_SYS_PARAM_H 1
#define HAVE_GETCWD 1
#define HAVE_GETEGID 1
#define HAVE_GETEUID 1
#define HAVE_GETGID 1
#define HAVE_GETUID 1
#define HAVE_MEMPCPY 1
#define HAVE_MUNMAP 1
#define HAVE_STPCPY 1
#define HAVE_STRCASECMP 1
#define HAVE_STRDUP 1
#define HAVE_STRTOUL 1
#define HAVE_TSEARCH 1
#define HAVE_ARGZ_COUNT 1
#define HAVE_ARGZ_STRINGIFY 1
#define HAVE_ARGZ_NEXT 1
#define HAVE___FSETLOCKING 1
#define HAVE_DECL_FEOF_UNLOCKED 1
#define HAVE_DECL_FGETS_UNLOCKED 1
#define HAVE_ICONV 1
#define ICONV_CONST 
#define HAVE_NL_LOCALE_NAME 1
#define HAVE_LONG_LONG_INT 1
#define HAVE_LONG_DOUBLE 1
#define HAVE_WCHAR_T 1
#define HAVE_WINT_T 1
#define HAVE_INTMAX_T 1
#define HAVE_POSIX_PRINTF 1
#define HAVE_STDINT_H 1
#define HAVE_STDINT_H 1
#define HAVE_STDDEF_H 1
#define HAVE_STDLIB_H 1
#define HAVE_STRING_H 1
#define HAVE_ASPRINTF 1
#define HAVE_FWPRINTF 1
#define HAVE_PUTENV 1
#define HAVE_SETENV 1
#define HAVE_SETLOCALE 1
#define HAVE_SNPRINTF 1
#define HAVE_WCSLEN 1
#define HAVE_DECL__SNPRINTF 0
#define HAVE_DECL__SNWPRINTF 0
#define HAVE_DECL_GETC_UNLOCKED 1
#define HAVE_LANGINFO_CODESET 1
#define HAVE_LC_MESSAGES 1
#define ENABLE_NLS 1
#define HAVE_GETTEXT 1
#define HAVE_DCGETTEXT 1
#define HAVE_VALGRIND_VALGRIND_H 1
#define __thread /**/
#define _FILE_OFFSET_BITS 64

configure: exit 0
